{"/home/travis/build/npmtest/node-npmtest-seedrandom/test.js":{"path":"/home/travis/build/npmtest/node-npmtest-seedrandom/test.js","s":{"1":2,"2":2,"3":2,"4":2,"5":2,"6":2,"7":2,"8":1,"9":2,"10":2,"11":1,"12":1,"13":1,"14":1,"15":2,"16":2,"17":2,"18":2,"19":1,"20":1,"21":2,"22":2,"23":2,"24":1,"25":1,"26":1,"27":1,"28":1,"29":1,"30":1,"31":1,"32":1,"33":1,"34":1,"35":1,"36":1,"37":1,"38":1,"39":2,"40":2,"41":1,"42":2,"43":2,"44":1,"45":2,"46":2,"47":1,"48":2,"49":2,"50":1,"51":1,"52":1,"53":1,"54":1},"b":{"1":[2,1,1,1],"2":[1,1,1,1],"3":[1,1],"4":[1,1],"5":[1,1],"6":[1,1],"7":[1,1],"8":[1,1],"9":[1,1],"10":[1,1,1],"11":[1,1],"12":[1,1],"13":[1,1],"14":[1,1],"15":[1,1],"16":[1,1],"17":[1,1]},"f":{"1":2,"2":2,"3":2,"4":2,"5":2,"6":1,"7":1,"8":1,"9":2,"10":2,"11":2,"12":2,"13":1},"fnMap":{"1":{"name":"(anonymous_1)","line":12,"loc":{"start":{"line":12,"column":1},"end":{"line":12,"column":13}}},"2":{"name":"(anonymous_2)","line":19,"loc":{"start":{"line":19,"column":5},"end":{"line":19,"column":17}}},"3":{"name":"(anonymous_3)","line":23,"loc":{"start":{"line":23,"column":24},"end":{"line":23,"column":36}}},"4":{"name":"(anonymous_4)","line":61,"loc":{"start":{"line":61,"column":5},"end":{"line":61,"column":17}}},"5":{"name":"(anonymous_5)","line":82,"loc":{"start":{"line":82,"column":5},"end":{"line":82,"column":17}}},"6":{"name":"(anonymous_6)","line":91,"loc":{"start":{"line":91,"column":77},"end":{"line":94,"column":10}}},"7":{"name":"(anonymous_7)","line":112,"loc":{"start":{"line":112,"column":83},"end":{"line":115,"column":10}},"skip":true},"8":{"name":"(anonymous_8)","line":123,"loc":{"start":{"line":123,"column":77},"end":{"line":126,"column":10}},"skip":true},"9":{"name":"(anonymous_9)","line":139,"loc":{"start":{"line":139,"column":12},"end":{"line":139,"column":40}},"skip":true},"10":{"name":"(anonymous_10)","line":147,"loc":{"start":{"line":147,"column":77},"end":{"line":150,"column":10}},"skip":true},"11":{"name":"(anonymous_11)","line":158,"loc":{"start":{"line":158,"column":83},"end":{"line":161,"column":10}},"skip":true},"12":{"name":"(anonymous_12)","line":169,"loc":{"start":{"line":169,"column":79},"end":{"line":172,"column":10}},"skip":true},"13":{"name":"(anonymous_13)","line":180,"loc":{"start":{"line":180,"column":75},"end":{"line":183,"column":10}},"skip":true}},"statementMap":{"1":{"start":{"line":12,"column":0},"end":{"line":195,"column":5}},"2":{"start":{"line":14,"column":4},"end":{"line":14,"column":14}},"3":{"start":{"line":19,"column":4},"end":{"line":56,"column":9}},"4":{"start":{"line":21,"column":8},"end":{"line":21,"column":19}},"5":{"start":{"line":23,"column":8},"end":{"line":35,"column":13}},"6":{"start":{"line":24,"column":12},"end":{"line":34,"column":13}},"7":{"start":{"line":25,"column":16},"end":{"line":28,"column":30}},"8":{"start":{"line":30,"column":16},"end":{"line":33,"column":27}},"9":{"start":{"line":37,"column":8},"end":{"line":39,"column":21}},"10":{"start":{"line":40,"column":8},"end":{"line":53,"column":9}},"11":{"start":{"line":43,"column":12},"end":{"line":46,"column":14}},"12":{"start":{"line":47,"column":12},"end":{"line":47,"column":18}},"13":{"start":{"line":50,"column":12},"end":{"line":51,"column":46}},"14":{"start":{"line":52,"column":12},"end":{"line":52,"column":18}},"15":{"start":{"line":55,"column":8},"end":{"line":55,"column":35}},"16":{"start":{"line":61,"column":4},"end":{"line":63,"column":9}},"17":{"start":{"line":62,"column":8},"end":{"line":62,"column":15}},"18":{"start":{"line":64,"column":4},"end":{"line":77,"column":5}},"19":{"start":{"line":70,"column":8},"end":{"line":70,"column":14}},"20":{"start":{"line":76,"column":8},"end":{"line":76,"column":14}},"21":{"start":{"line":82,"column":4},"end":{"line":84,"column":9}},"22":{"start":{"line":83,"column":8},"end":{"line":83,"column":15}},"23":{"start":{"line":85,"column":4},"end":{"line":194,"column":5}},"24":{"start":{"line":91,"column":8},"end":{"line":99,"column":10}},"25":{"start":{"line":98,"column":12},"end":{"line":98,"column":35}},"26":{"start":{"line":102,"column":8},"end":{"line":104,"column":63}},"27":{"start":{"line":105,"column":8},"end":{"line":105,"column":14}},"28":{"start":{"line":112,"column":8},"end":{"line":121,"column":10},"skip":true},"29":{"start":{"line":119,"column":12},"end":{"line":119,"column":55},"skip":true},"30":{"start":{"line":120,"column":12},"end":{"line":120,"column":48},"skip":true},"31":{"start":{"line":123,"column":8},"end":{"line":136,"column":10},"skip":true},"32":{"start":{"line":130,"column":12},"end":{"line":130,"column":76},"skip":true},"33":{"start":{"line":131,"column":12},"end":{"line":131,"column":73},"skip":true},"34":{"start":{"line":132,"column":12},"end":{"line":132,"column":74},"skip":true},"35":{"start":{"line":133,"column":12},"end":{"line":133,"column":79},"skip":true},"36":{"start":{"line":134,"column":12},"end":{"line":134,"column":25},"skip":true},"37":{"start":{"line":135,"column":12},"end":{"line":135,"column":45},"skip":true},"38":{"start":{"line":138,"column":8},"end":{"line":145,"column":14},"skip":true},"39":{"start":{"line":143,"column":16},"end":{"line":143,"column":29},"skip":true},"40":{"start":{"line":144,"column":16},"end":{"line":144,"column":55},"skip":true},"41":{"start":{"line":147,"column":8},"end":{"line":156,"column":10},"skip":true},"42":{"start":{"line":154,"column":12},"end":{"line":154,"column":25},"skip":true},"43":{"start":{"line":155,"column":12},"end":{"line":155,"column":45},"skip":true},"44":{"start":{"line":158,"column":8},"end":{"line":167,"column":10},"skip":true},"45":{"start":{"line":165,"column":12},"end":{"line":165,"column":25},"skip":true},"46":{"start":{"line":166,"column":12},"end":{"line":166,"column":48},"skip":true},"47":{"start":{"line":169,"column":8},"end":{"line":178,"column":10},"skip":true},"48":{"start":{"line":176,"column":12},"end":{"line":176,"column":25},"skip":true},"49":{"start":{"line":177,"column":12},"end":{"line":177,"column":46},"skip":true},"50":{"start":{"line":180,"column":8},"end":{"line":189,"column":10},"skip":true},"51":{"start":{"line":187,"column":12},"end":{"line":187,"column":94},"skip":true},"52":{"start":{"line":188,"column":12},"end":{"line":188,"column":48},"skip":true},"53":{"start":{"line":192,"column":8},"end":{"line":192,"column":35},"skip":true},"54":{"start":{"line":193,"column":8},"end":{"line":193,"column":14},"skip":true}},"branchMap":{"1":{"line":25,"type":"binary-expr","locations":[{"start":{"line":25,"column":23},"end":{"line":25,"column":62}},{"start":{"line":26,"column":20},"end":{"line":26,"column":70}},{"start":{"line":27,"column":20},"end":{"line":27,"column":71}},{"start":{"line":28,"column":20},"end":{"line":28,"column":29}}]},"2":{"line":30,"type":"binary-expr","locations":[{"start":{"line":30,"column":23},"end":{"line":30,"column":37}},{"start":{"line":31,"column":20},"end":{"line":31,"column":61}},{"start":{"line":32,"column":20},"end":{"line":32,"column":70}},{"start":{"line":33,"column":20},"end":{"line":33,"column":26}}]},"3":{"line":37,"type":"cond-expr","locations":[{"start":{"line":38,"column":14},"end":{"line":38,"column":20}},{"start":{"line":39,"column":14},"end":{"line":39,"column":20}}]},"4":{"line":40,"type":"switch","locations":[{"start":{"line":42,"column":8},"end":{"line":47,"column":18}},{"start":{"line":49,"column":8},"end":{"line":52,"column":18}}]},"5":{"line":44,"type":"binary-expr","locations":[{"start":{"line":44,"column":16},"end":{"line":44,"column":44}},{"start":{"line":44,"column":48},"end":{"line":44,"column":66}}]},"6":{"line":50,"type":"binary-expr","locations":[{"start":{"line":50,"column":21},"end":{"line":50,"column":49}},{"start":{"line":50,"column":53},"end":{"line":50,"column":72}}]},"7":{"line":64,"type":"switch","locations":[{"start":{"line":69,"column":4},"end":{"line":70,"column":14}},{"start":{"line":75,"column":4},"end":{"line":76,"column":14}}]},"8":{"line":85,"type":"switch","locations":[{"start":{"line":90,"column":4},"end":{"line":105,"column":14}},{"start":{"line":111,"column":4},"end":{"line":193,"column":14},"skip":true}]},"9":{"line":91,"type":"binary-expr","locations":[{"start":{"line":91,"column":42},"end":{"line":91,"column":73}},{"start":{"line":91,"column":77},"end":{"line":99,"column":9}}]},"10":{"line":102,"type":"binary-expr","locations":[{"start":{"line":102,"column":18},"end":{"line":102,"column":32}},{"start":{"line":103,"column":12},"end":{"line":103,"column":53}},{"start":{"line":104,"column":12},"end":{"line":104,"column":61}}]},"11":{"line":112,"type":"binary-expr","locations":[{"start":{"line":112,"column":45},"end":{"line":112,"column":79},"skip":true},{"start":{"line":112,"column":83},"end":{"line":121,"column":9},"skip":true}]},"12":{"line":123,"type":"binary-expr","locations":[{"start":{"line":123,"column":42},"end":{"line":123,"column":73},"skip":true},{"start":{"line":123,"column":77},"end":{"line":136,"column":9},"skip":true}]},"13":{"line":138,"type":"binary-expr","locations":[{"start":{"line":138,"column":48},"end":{"line":138,"column":85},"skip":true},{"start":{"line":139,"column":12},"end":{"line":145,"column":13},"skip":true}]},"14":{"line":147,"type":"binary-expr","locations":[{"start":{"line":147,"column":42},"end":{"line":147,"column":73},"skip":true},{"start":{"line":147,"column":77},"end":{"line":156,"column":9},"skip":true}]},"15":{"line":158,"type":"binary-expr","locations":[{"start":{"line":158,"column":45},"end":{"line":158,"column":79},"skip":true},{"start":{"line":158,"column":83},"end":{"line":167,"column":9},"skip":true}]},"16":{"line":169,"type":"binary-expr","locations":[{"start":{"line":169,"column":43},"end":{"line":169,"column":75},"skip":true},{"start":{"line":169,"column":79},"end":{"line":178,"column":9},"skip":true}]},"17":{"line":180,"type":"binary-expr","locations":[{"start":{"line":180,"column":41},"end":{"line":180,"column":71},"skip":true},{"start":{"line":180,"column":75},"end":{"line":189,"column":9},"skip":true}]}},"code":["/* istanbul instrument in package npmtest_seedrandom */","/*jslint","    bitwise: true,","    browser: true,","    maxerr: 8,","    maxlen: 96,","    node: true,","    nomen: true,","    regexp: true,","    stupid: true","*/","(function () {","    'use strict';","    var local;","","","","    // run shared js-env code - pre-init","    (function () {","        // init local","        local = {};","        // init modeJs","        local.modeJs = (function () {","            try {","                return typeof navigator.userAgent === 'string' &&","                    typeof document.querySelector('body') === 'object' &&","                    typeof XMLHttpRequest.prototype.open === 'function' &&","                    'browser';","            } catch (errorCaughtBrowser) {","                return module.exports &&","                    typeof process.versions.node === 'string' &&","                    typeof require('http').createServer === 'function' &&","                    'node';","            }","        }());","        // init global","        local.global = local.modeJs === 'browser'","            ? window","            : global;","        switch (local.modeJs) {","        // re-init local from window.local","        case 'browser':","            local = local.global.utility2.objectSetDefault(","                local.global.utility2_rollup || local.global.local,","                local.global.utility2","            );","            break;","        // re-init local from example.js","        case 'node':","            local = (local.global.utility2_rollup || require('utility2'))","                .requireExampleJsFromReadme();","            break;","        }","        // export local","        local.global.local = local;","    }());","","","","    // run shared js-env code - function","    (function () {","        return;","    }());","    switch (local.modeJs) {","","","","    // run browser js-env code - function","    case 'browser':","        break;","","","","    // run node js-env code - function","    case 'node':","        break;","    }","","","","    // run shared js-env code - post-init","    (function () {","        return;","    }());","    switch (local.modeJs) {","","","","    // run browser js-env code - post-init","    case 'browser':","        local.testCase_browser_nullCase = local.testCase_browser_nullCase || function (","            options,","            onError","        ) {","        /*","         * this function will test browsers's null-case handling-behavior-behavior","         */","            onError(null, options);","        };","","        // run tests","        local.nop(local.modeTest &&","            document.querySelector('#testRunButton1') &&","            document.querySelector('#testRunButton1').click());","        break;","","","","    // run node js-env code - post-init","    /* istanbul ignore next */","    case 'node':","        local.testCase_buildApidoc_default = local.testCase_buildApidoc_default || function (","            options,","            onError","        ) {","        /*","         * this function will test buildApidoc's default handling-behavior-behavior","         */","            options = { modulePathList: module.paths };","            local.buildApidoc(options, onError);","        };","","        local.testCase_buildApp_default = local.testCase_buildApp_default || function (","            options,","            onError","        ) {","        /*","         * this function will test buildApp's default handling-behavior-behavior","         */","            local.testCase_buildReadme_default(options, local.onErrorThrow);","            local.testCase_buildLib_default(options, local.onErrorThrow);","            local.testCase_buildTest_default(options, local.onErrorThrow);","            local.testCase_buildCustomOrg_default(options, local.onErrorThrow);","            options = [];","            local.buildApp(options, onError);","        };","","        local.testCase_buildCustomOrg_default = local.testCase_buildCustomOrg_default ||","            function (options, onError) {","            /*","             * this function will test buildCustomOrg's default handling-behavior","             */","                options = {};","                local.buildCustomOrg(options, onError);","            };","","        local.testCase_buildLib_default = local.testCase_buildLib_default || function (","            options,","            onError","        ) {","        /*","         * this function will test buildLib's default handling-behavior","         */","            options = {};","            local.buildLib(options, onError);","        };","","        local.testCase_buildReadme_default = local.testCase_buildReadme_default || function (","            options,","            onError","        ) {","        /*","         * this function will test buildReadme's default handling-behavior-behavior","         */","            options = {};","            local.buildReadme(options, onError);","        };","","        local.testCase_buildTest_default = local.testCase_buildTest_default || function (","            options,","            onError","        ) {","        /*","         * this function will test buildTest's default handling-behavior","         */","            options = {};","            local.buildTest(options, onError);","        };","","        local.testCase_webpage_default = local.testCase_webpage_default || function (","            options,","            onError","        ) {","        /*","         * this function will test webpage's default handling-behavior","         */","            options = { modeCoverageMerge: true, url: local.serverLocalHost + '?modeTest=1' };","            local.browserTest(options, onError);","        };","","        // run test-server","        local.testRunServer(local);","        break;","    }","}());",""],"l":{"12":2,"14":2,"19":2,"21":2,"23":2,"24":2,"25":2,"30":1,"37":2,"40":2,"43":1,"47":1,"50":1,"52":1,"55":2,"61":2,"62":2,"64":2,"70":1,"76":1,"82":2,"83":2,"85":2,"91":1,"98":1,"102":1,"105":1,"112":1,"119":1,"120":1,"123":1,"130":1,"131":1,"132":1,"133":1,"134":1,"135":1,"138":1,"143":2,"144":2,"147":1,"154":2,"155":2,"158":1,"165":2,"166":2,"169":1,"176":2,"177":2,"180":1,"187":1,"188":1,"192":1,"193":1}},"/home/travis/build/npmtest/node-npmtest-seedrandom/lib.npmtest_seedrandom.js":{"path":"/home/travis/build/npmtest/node-npmtest-seedrandom/lib.npmtest_seedrandom.js","s":{"1":2,"2":2,"3":2,"4":2,"5":2,"6":2,"7":2,"8":1,"9":2,"10":2,"11":2,"12":2,"13":1,"14":1,"15":1,"16":1},"b":{"1":[2,1,1,1],"2":[1,1,1,1],"3":[1,1],"4":[2,2],"5":[1,1]},"f":{"1":2,"2":2,"3":2},"fnMap":{"1":{"name":"(anonymous_1)","line":12,"loc":{"start":{"line":12,"column":1},"end":{"line":12,"column":13}}},"2":{"name":"(anonymous_2)","line":19,"loc":{"start":{"line":19,"column":5},"end":{"line":19,"column":17}}},"3":{"name":"(anonymous_3)","line":23,"loc":{"start":{"line":23,"column":24},"end":{"line":23,"column":36}}}},"statementMap":{"1":{"start":{"line":12,"column":0},"end":{"line":53,"column":5}},"2":{"start":{"line":14,"column":4},"end":{"line":14,"column":14}},"3":{"start":{"line":19,"column":4},"end":{"line":52,"column":9}},"4":{"start":{"line":21,"column":8},"end":{"line":21,"column":19}},"5":{"start":{"line":23,"column":8},"end":{"line":35,"column":13}},"6":{"start":{"line":24,"column":12},"end":{"line":34,"column":13}},"7":{"start":{"line":25,"column":16},"end":{"line":28,"column":30}},"8":{"start":{"line":30,"column":16},"end":{"line":33,"column":27}},"9":{"start":{"line":37,"column":8},"end":{"line":39,"column":21}},"10":{"start":{"line":41,"column":8},"end":{"line":41,"column":54}},"11":{"start":{"line":43,"column":8},"end":{"line":43,"column":55}},"12":{"start":{"line":45,"column":8},"end":{"line":51,"column":9}},"13":{"start":{"line":46,"column":12},"end":{"line":46,"column":61}},"14":{"start":{"line":48,"column":12},"end":{"line":48,"column":35}},"15":{"start":{"line":49,"column":12},"end":{"line":49,"column":49}},"16":{"start":{"line":50,"column":12},"end":{"line":50,"column":43}}},"branchMap":{"1":{"line":25,"type":"binary-expr","locations":[{"start":{"line":25,"column":23},"end":{"line":25,"column":62}},{"start":{"line":26,"column":20},"end":{"line":26,"column":70}},{"start":{"line":27,"column":20},"end":{"line":27,"column":71}},{"start":{"line":28,"column":20},"end":{"line":28,"column":29}}]},"2":{"line":30,"type":"binary-expr","locations":[{"start":{"line":30,"column":23},"end":{"line":30,"column":37}},{"start":{"line":31,"column":20},"end":{"line":31,"column":61}},{"start":{"line":32,"column":20},"end":{"line":32,"column":70}},{"start":{"line":33,"column":20},"end":{"line":33,"column":26}}]},"3":{"line":37,"type":"cond-expr","locations":[{"start":{"line":38,"column":14},"end":{"line":38,"column":20}},{"start":{"line":39,"column":14},"end":{"line":39,"column":20}}]},"4":{"line":41,"type":"binary-expr","locations":[{"start":{"line":41,"column":16},"end":{"line":41,"column":44}},{"start":{"line":41,"column":48},"end":{"line":41,"column":53}}]},"5":{"line":45,"type":"if","locations":[{"start":{"line":45,"column":8},"end":{"line":45,"column":8}},{"start":{"line":45,"column":8},"end":{"line":45,"column":8}}]}},"code":["/* istanbul instrument in package npmtest_seedrandom */","/*jslint","    bitwise: true,","    browser: true,","    maxerr: 8,","    maxlen: 96,","    node: true,","    nomen: true,","    regexp: true,","    stupid: true","*/","(function () {","    'use strict';","    var local;","","","","    // run shared js-env code - pre-init","    (function () {","        // init local","        local = {};","        // init modeJs","        local.modeJs = (function () {","            try {","                return typeof navigator.userAgent === 'string' &&","                    typeof document.querySelector('body') === 'object' &&","                    typeof XMLHttpRequest.prototype.open === 'function' &&","                    'browser';","            } catch (errorCaughtBrowser) {","                return module.exports &&","                    typeof process.versions.node === 'string' &&","                    typeof require('http').createServer === 'function' &&","                    'node';","            }","        }());","        // init global","        local.global = local.modeJs === 'browser'","            ? window","            : global;","        // init utility2_rollup","        local = local.global.utility2_rollup || local;","        // init lib","        local.local = local.npmtest_seedrandom = local;","        // init exports","        if (local.modeJs === 'browser') {","            local.global.utility2_npmtest_seedrandom = local;","        } else {","            module.exports = local;","            module.exports.__dirname = __dirname;","            module.exports.module = module;","        }","    }());","}());",""],"l":{"12":2,"14":2,"19":2,"21":2,"23":2,"24":2,"25":2,"30":1,"37":2,"41":2,"43":2,"45":2,"46":1,"48":1,"49":1,"50":1}},"/home/travis/build/npmtest/node-npmtest-seedrandom/example.js":{"path":"/home/travis/build/npmtest/node-npmtest-seedrandom/example.js","s":{"1":2,"2":2,"3":2,"4":2,"5":2,"6":2,"7":2,"8":1,"9":2,"10":2,"11":2,"12":2,"13":1,"14":2,"15":2,"16":2,"17":2,"18":2,"19":0,"20":2,"21":1,"22":1,"23":1,"24":1,"25":1,"26":0,"27":0,"28":1,"29":1,"30":2,"31":0,"32":0,"33":0,"34":1,"35":2,"36":2,"37":3,"38":3,"39":3,"40":3,"41":0,"42":3,"43":3,"44":3,"45":1,"46":3,"47":1,"48":1,"49":1,"50":1,"51":1,"52":1,"53":1,"54":1,"55":1,"56":1,"57":0,"58":1,"59":6,"60":6,"61":1,"62":2,"63":0,"64":2,"65":1,"66":1,"67":0,"68":0,"69":0,"70":0,"71":0,"72":0,"73":0,"74":0,"75":0,"76":0,"77":0,"78":0,"79":0,"80":0,"81":0,"82":0,"83":0},"b":{"1":[2,1,1,1],"2":[1,1,1,1],"3":[1,1],"4":[2,2],"5":[1,1],"6":[1,1],"7":[2,0],"8":[2,1,1,1,1,1],"9":[0,2,0],"10":[1,1],"11":[2,1,1],"12":[1,0],"13":[0,2],"14":[2,0,0,0,0,0,0],"15":[0,3],"16":[3,0],"17":[1,1],"18":[0,1],"19":[1,2,0,2],"20":[1,0],"21":[1,1],"22":[0,0],"23":[0,0],"24":[0,0],"25":[0,0],"26":[0,0],"27":[0,0],"28":[0,0]},"f":{"1":2,"2":2,"3":2,"4":2,"5":2,"6":2,"7":3,"8":3,"9":3,"10":1,"11":6,"12":0},"fnMap":{"1":{"name":"(anonymous_1)","line":26,"loc":{"start":{"line":26,"column":1},"end":{"line":26,"column":13}}},"2":{"name":"(anonymous_2)","line":33,"loc":{"start":{"line":33,"column":5},"end":{"line":33,"column":17}}},"3":{"name":"(anonymous_3)","line":37,"loc":{"start":{"line":37,"column":24},"end":{"line":37,"column":36}}},"4":{"name":"(anonymous_4)","line":69,"loc":{"start":{"line":69,"column":31},"end":{"line":69,"column":48}},"skip":true},"5":{"name":"(anonymous_5)","line":78,"loc":{"start":{"line":78,"column":26},"end":{"line":78,"column":45}},"skip":true},"6":{"name":"(anonymous_6)","line":123,"loc":{"start":{"line":123,"column":33},"end":{"line":123,"column":48}},"skip":true},"7":{"name":"(anonymous_7)","line":125,"loc":{"start":{"line":125,"column":27},"end":{"line":125,"column":39}},"skip":true},"8":{"name":"(anonymous_8)","line":133,"loc":{"start":{"line":133,"column":59},"end":{"line":133,"column":74}},"skip":true},"9":{"name":"(anonymous_9)","line":143,"loc":{"start":{"line":143,"column":45},"end":{"line":143,"column":62}},"skip":true},"10":{"name":"(anonymous_10)","line":144,"loc":{"start":{"line":144,"column":73},"end":{"line":144,"column":92}},"skip":true},"11":{"name":"(anonymous_11)","line":272,"loc":{"start":{"line":272,"column":51},"end":{"line":272,"column":77}},"skip":true},"12":{"name":"(anonymous_12)","line":315,"loc":{"start":{"line":315,"column":32},"end":{"line":315,"column":61}},"skip":true}},"statementMap":{"1":{"start":{"line":26,"column":0},"end":{"line":326,"column":5}},"2":{"start":{"line":28,"column":4},"end":{"line":28,"column":14}},"3":{"start":{"line":33,"column":4},"end":{"line":60,"column":9}},"4":{"start":{"line":35,"column":8},"end":{"line":35,"column":19}},"5":{"start":{"line":37,"column":8},"end":{"line":49,"column":13}},"6":{"start":{"line":38,"column":12},"end":{"line":48,"column":13}},"7":{"start":{"line":39,"column":16},"end":{"line":42,"column":30}},"8":{"start":{"line":44,"column":16},"end":{"line":47,"column":27}},"9":{"start":{"line":51,"column":8},"end":{"line":53,"column":21}},"10":{"start":{"line":55,"column":8},"end":{"line":57,"column":45}},"11":{"start":{"line":59,"column":8},"end":{"line":59,"column":35}},"12":{"start":{"line":61,"column":4},"end":{"line":325,"column":5}},"13":{"start":{"line":69,"column":8},"end":{"line":121,"column":10},"skip":true},"14":{"start":{"line":70,"column":12},"end":{"line":88,"column":13},"skip":true},"15":{"start":{"line":76,"column":16},"end":{"line":87,"column":19},"skip":true},"16":{"start":{"line":79,"column":20},"end":{"line":86,"column":21},"skip":true},"17":{"start":{"line":82,"column":24},"end":{"line":82,"column":43},"skip":true},"18":{"start":{"line":83,"column":24},"end":{"line":83,"column":30},"skip":true},"19":{"start":{"line":85,"column":24},"end":{"line":85,"column":49},"skip":true},"20":{"start":{"line":89,"column":12},"end":{"line":107,"column":13},"skip":true},"21":{"start":{"line":92,"column":16},"end":{"line":102,"column":17},"skip":true},"22":{"start":{"line":93,"column":20},"end":{"line":93,"column":86},"skip":true},"23":{"start":{"line":94,"column":20},"end":{"line":95,"column":45},"skip":true},"24":{"start":{"line":96,"column":20},"end":{"line":96,"column":42},"skip":true},"25":{"start":{"line":97,"column":20},"end":{"line":97,"column":48},"skip":true},"26":{"start":{"line":100,"column":20},"end":{"line":100,"column":85},"skip":true},"27":{"start":{"line":101,"column":20},"end":{"line":101,"column":96},"skip":true},"28":{"start":{"line":103,"column":16},"end":{"line":103,"column":22},"skip":true},"29":{"start":{"line":106,"column":16},"end":{"line":106,"column":22},"skip":true},"30":{"start":{"line":108,"column":12},"end":{"line":120,"column":13},"skip":true},"31":{"start":{"line":114,"column":16},"end":{"line":119,"column":17},"skip":true},"32":{"start":{"line":116,"column":20},"end":{"line":116,"column":78},"skip":true},"33":{"start":{"line":118,"column":20},"end":{"line":118,"column":47},"skip":true},"34":{"start":{"line":123,"column":8},"end":{"line":141,"column":11},"skip":true},"35":{"start":{"line":124,"column":12},"end":{"line":124,"column":54},"skip":true},"36":{"start":{"line":125,"column":12},"end":{"line":140,"column":14},"skip":true},"37":{"start":{"line":126,"column":16},"end":{"line":126,"column":28},"skip":true},"38":{"start":{"line":127,"column":16},"end":{"line":127,"column":69},"skip":true},"39":{"start":{"line":128,"column":16},"end":{"line":128,"column":75},"skip":true},"40":{"start":{"line":129,"column":16},"end":{"line":131,"column":17},"skip":true},"41":{"start":{"line":130,"column":20},"end":{"line":130,"column":27},"skip":true},"42":{"start":{"line":133,"column":16},"end":{"line":137,"column":36},"skip":true},"43":{"start":{"line":134,"column":20},"end":{"line":136,"column":55},"skip":true},"44":{"start":{"line":139,"column":16},"end":{"line":139,"column":57},"skip":true},"45":{"start":{"line":143,"column":8},"end":{"line":147,"column":11},"skip":true},"46":{"start":{"line":144,"column":12},"end":{"line":146,"column":15},"skip":true},"47":{"start":{"line":145,"column":16},"end":{"line":145,"column":70},"skip":true},"48":{"start":{"line":149,"column":8},"end":{"line":149,"column":31},"skip":true},"49":{"start":{"line":150,"column":8},"end":{"line":150,"column":14},"skip":true},"50":{"start":{"line":158,"column":8},"end":{"line":158,"column":31},"skip":true},"51":{"start":{"line":160,"column":8},"end":{"line":160,"column":33},"skip":true},"52":{"start":{"line":161,"column":8},"end":{"line":161,"column":37},"skip":true},"53":{"start":{"line":162,"column":8},"end":{"line":162,"column":35},"skip":true},"54":{"start":{"line":164,"column":8},"end":{"line":164,"column":50},"skip":true},"55":{"start":{"line":166,"column":8},"end":{"line":256,"column":2},"skip":true},"56":{"start":{"line":258,"column":8},"end":{"line":286,"column":9},"skip":true},"57":{"start":{"line":259,"column":12},"end":{"line":269,"column":14},"skip":true},"58":{"start":{"line":271,"column":12},"end":{"line":285,"column":19},"skip":true},"59":{"start":{"line":274,"column":20},"end":{"line":274,"column":35},"skip":true},"60":{"start":{"line":275,"column":20},"end":{"line":284,"column":21},"skip":true},"61":{"start":{"line":277,"column":24},"end":{"line":277,"column":64},"skip":true},"62":{"start":{"line":279,"column":24},"end":{"line":279,"column":40},"skip":true},"63":{"start":{"line":281,"column":24},"end":{"line":281,"column":40},"skip":true},"64":{"start":{"line":283,"column":24},"end":{"line":283,"column":39},"skip":true},"65":{"start":{"line":288,"column":8},"end":{"line":290,"column":9},"skip":true},"66":{"start":{"line":289,"column":12},"end":{"line":289,"column":18},"skip":true},"67":{"start":{"line":291,"column":8},"end":{"line":293,"column":54},"skip":true},"68":{"start":{"line":296,"column":8},"end":{"line":301,"column":37},"skip":true},"69":{"start":{"line":303,"column":8},"end":{"line":303,"column":82},"skip":true},"70":{"start":{"line":306,"column":8},"end":{"line":308,"column":9},"skip":true},"71":{"start":{"line":307,"column":12},"end":{"line":307,"column":82},"skip":true},"72":{"start":{"line":310,"column":8},"end":{"line":312,"column":9},"skip":true},"73":{"start":{"line":311,"column":12},"end":{"line":311,"column":18},"skip":true},"74":{"start":{"line":313,"column":8},"end":{"line":313,"column":54},"skip":true},"75":{"start":{"line":314,"column":8},"end":{"line":314,"column":69},"skip":true},"76":{"start":{"line":315,"column":8},"end":{"line":323,"column":36},"skip":true},"77":{"start":{"line":316,"column":12},"end":{"line":316,"column":61},"skip":true},"78":{"start":{"line":317,"column":12},"end":{"line":320,"column":13},"skip":true},"79":{"start":{"line":318,"column":16},"end":{"line":318,"column":75},"skip":true},"80":{"start":{"line":319,"column":16},"end":{"line":319,"column":23},"skip":true},"81":{"start":{"line":321,"column":12},"end":{"line":321,"column":38},"skip":true},"82":{"start":{"line":322,"column":12},"end":{"line":322,"column":27},"skip":true},"83":{"start":{"line":324,"column":8},"end":{"line":324,"column":14},"skip":true}},"branchMap":{"1":{"line":39,"type":"binary-expr","locations":[{"start":{"line":39,"column":23},"end":{"line":39,"column":62}},{"start":{"line":40,"column":20},"end":{"line":40,"column":70}},{"start":{"line":41,"column":20},"end":{"line":41,"column":71}},{"start":{"line":42,"column":20},"end":{"line":42,"column":29}}]},"2":{"line":44,"type":"binary-expr","locations":[{"start":{"line":44,"column":23},"end":{"line":44,"column":37}},{"start":{"line":45,"column":20},"end":{"line":45,"column":61}},{"start":{"line":46,"column":20},"end":{"line":46,"column":70}},{"start":{"line":47,"column":20},"end":{"line":47,"column":26}}]},"3":{"line":51,"type":"cond-expr","locations":[{"start":{"line":52,"column":14},"end":{"line":52,"column":20}},{"start":{"line":53,"column":14},"end":{"line":53,"column":20}}]},"4":{"line":55,"type":"binary-expr","locations":[{"start":{"line":55,"column":16},"end":{"line":55,"column":44}},{"start":{"line":55,"column":49},"end":{"line":57,"column":43}}]},"5":{"line":55,"type":"cond-expr","locations":[{"start":{"line":56,"column":14},"end":{"line":56,"column":54}},{"start":{"line":57,"column":14},"end":{"line":57,"column":43}}]},"6":{"line":61,"type":"switch","locations":[{"start":{"line":68,"column":4},"end":{"line":150,"column":14},"skip":true},{"start":{"line":156,"column":4},"end":{"line":324,"column":14},"skip":true}]},"7":{"line":70,"type":"if","locations":[{"start":{"line":70,"column":12},"end":{"line":70,"column":12},"skip":true},{"start":{"line":70,"column":12},"end":{"line":70,"column":12},"skip":true}]},"8":{"line":70,"type":"binary-expr","locations":[{"start":{"line":70,"column":16},"end":{"line":70,"column":22},"skip":true},{"start":{"line":70,"column":27},"end":{"line":70,"column":32},"skip":true},{"start":{"line":71,"column":20},"end":{"line":71,"column":39},"skip":true},{"start":{"line":72,"column":20},"end":{"line":72,"column":49},"skip":true},{"start":{"line":73,"column":20},"end":{"line":73,"column":58},"skip":true},{"start":{"line":74,"column":20},"end":{"line":74,"column":69},"skip":true}]},"9":{"line":79,"type":"switch","locations":[{"start":{"line":80,"column":20},"end":{"line":80,"column":33},"skip":true},{"start":{"line":81,"column":20},"end":{"line":83,"column":30},"skip":true},{"start":{"line":84,"column":20},"end":{"line":85,"column":49},"skip":true}]},"10":{"line":89,"type":"switch","locations":[{"start":{"line":90,"column":12},"end":{"line":103,"column":22},"skip":true},{"start":{"line":105,"column":12},"end":{"line":106,"column":22},"skip":true}]},"11":{"line":89,"type":"binary-expr","locations":[{"start":{"line":89,"column":20},"end":{"line":89,"column":25},"skip":true},{"start":{"line":89,"column":29},"end":{"line":89,"column":48},"skip":true},{"start":{"line":89,"column":52},"end":{"line":89,"column":74},"skip":true}]},"12":{"line":92,"type":"if","locations":[{"start":{"line":92,"column":16},"end":{"line":92,"column":16},"skip":true},{"start":{"line":92,"column":16},"end":{"line":92,"column":16},"skip":true}]},"13":{"line":108,"type":"if","locations":[{"start":{"line":108,"column":12},"end":{"line":108,"column":12},"skip":true},{"start":{"line":108,"column":12},"end":{"line":108,"column":12},"skip":true}]},"14":{"line":108,"type":"binary-expr","locations":[{"start":{"line":108,"column":16},"end":{"line":108,"column":61},"skip":true},{"start":{"line":108,"column":66},"end":{"line":108,"column":72},"skip":true},{"start":{"line":108,"column":77},"end":{"line":108,"column":82},"skip":true},{"start":{"line":109,"column":20},"end":{"line":109,"column":39},"skip":true},{"start":{"line":110,"column":20},"end":{"line":110,"column":49},"skip":true},{"start":{"line":111,"column":20},"end":{"line":111,"column":58},"skip":true},{"start":{"line":112,"column":20},"end":{"line":112,"column":68},"skip":true}]},"15":{"line":129,"type":"if","locations":[{"start":{"line":129,"column":16},"end":{"line":129,"column":16},"skip":true},{"start":{"line":129,"column":16},"end":{"line":129,"column":16},"skip":true}]},"16":{"line":134,"type":"cond-expr","locations":[{"start":{"line":135,"column":26},"end":{"line":135,"column":29},"skip":true},{"start":{"line":136,"column":26},"end":{"line":136,"column":54},"skip":true}]},"17":{"line":164,"type":"binary-expr","locations":[{"start":{"line":164,"column":27},"end":{"line":164,"column":43},"skip":true},{"start":{"line":164,"column":47},"end":{"line":164,"column":49},"skip":true}]},"18":{"line":258,"type":"if","locations":[{"start":{"line":258,"column":8},"end":{"line":258,"column":8},"skip":true},{"start":{"line":258,"column":8},"end":{"line":258,"column":8},"skip":true}]},"19":{"line":275,"type":"switch","locations":[{"start":{"line":276,"column":20},"end":{"line":277,"column":64},"skip":true},{"start":{"line":278,"column":20},"end":{"line":279,"column":40},"skip":true},{"start":{"line":280,"column":20},"end":{"line":281,"column":40},"skip":true},{"start":{"line":282,"column":20},"end":{"line":283,"column":39},"skip":true}]},"20":{"line":288,"type":"if","locations":[{"start":{"line":288,"column":8},"end":{"line":288,"column":8},"skip":true},{"start":{"line":288,"column":8},"end":{"line":288,"column":8},"skip":true}]},"21":{"line":288,"type":"binary-expr","locations":[{"start":{"line":288,"column":12},"end":{"line":288,"column":40},"skip":true},{"start":{"line":288,"column":44},"end":{"line":288,"column":67},"skip":true}]},"22":{"line":292,"type":"binary-expr","locations":[{"start":{"line":292,"column":12},"end":{"line":292,"column":50},"skip":true},{"start":{"line":293,"column":12},"end":{"line":293,"column":53},"skip":true}]},"23":{"line":297,"type":"binary-expr","locations":[{"start":{"line":297,"column":12},"end":{"line":297,"column":68},"skip":true},{"start":{"line":298,"column":12},"end":{"line":301,"column":36},"skip":true}]},"24":{"line":303,"type":"binary-expr","locations":[{"start":{"line":303,"column":43},"end":{"line":303,"column":75},"skip":true},{"start":{"line":303,"column":79},"end":{"line":303,"column":81},"skip":true}]},"25":{"line":306,"type":"if","locations":[{"start":{"line":306,"column":8},"end":{"line":306,"column":8},"skip":true},{"start":{"line":306,"column":8},"end":{"line":306,"column":8},"skip":true}]},"26":{"line":310,"type":"if","locations":[{"start":{"line":310,"column":8},"end":{"line":310,"column":8},"skip":true},{"start":{"line":310,"column":8},"end":{"line":310,"column":8},"skip":true}]},"27":{"line":313,"type":"binary-expr","locations":[{"start":{"line":313,"column":27},"end":{"line":313,"column":43},"skip":true},{"start":{"line":313,"column":47},"end":{"line":313,"column":53},"skip":true}]},"28":{"line":317,"type":"if","locations":[{"start":{"line":317,"column":12},"end":{"line":317,"column":12},"skip":true},{"start":{"line":317,"column":12},"end":{"line":317,"column":12},"skip":true}]}},"code":["/*","example.js","","quickstart example","","instruction","    1. save this script as example.js","    2. run the shell command:","        $ npm install npmtest-seedrandom && PORT=8081 node example.js","    3. play with the browser-demo on http://127.0.0.1:8081","*/","","","","/* istanbul instrument in package npmtest_seedrandom */","/*jslint","    bitwise: true,","    browser: true,","    maxerr: 8,","    maxlen: 96,","    node: true,","    nomen: true,","    regexp: true,","    stupid: true","*/","(function () {","    'use strict';","    var local;","","","","    // run shared js-env code - pre-init","    (function () {","        // init local","        local = {};","        // init modeJs","        local.modeJs = (function () {","            try {","                return typeof navigator.userAgent === 'string' &&","                    typeof document.querySelector('body') === 'object' &&","                    typeof XMLHttpRequest.prototype.open === 'function' &&","                    'browser';","            } catch (errorCaughtBrowser) {","                return module.exports &&","                    typeof process.versions.node === 'string' &&","                    typeof require('http').createServer === 'function' &&","                    'node';","            }","        }());","        // init global","        local.global = local.modeJs === 'browser'","            ? window","            : global;","        // init utility2_rollup","        local = local.global.utility2_rollup || (local.modeJs === 'browser'","            ? local.global.utility2_npmtest_seedrandom","            : global.utility2_moduleExports);","        // export local","        local.global.local = local;","    }());","    switch (local.modeJs) {","","","","    // post-init","    // run browser js-env code - post-init","    /* istanbul ignore next */","    case 'browser':","        local.testRunBrowser = function (event) {","            if (!event || (event &&","                    event.currentTarget &&","                    event.currentTarget.className &&","                    event.currentTarget.className.includes &&","                    event.currentTarget.className.includes('onreset'))) {","                // reset output","                Array.from(","                    document.querySelectorAll('body > .resettable')","                ).forEach(function (element) {","                    switch (element.tagName) {","                    case 'INPUT':","                    case 'TEXTAREA':","                        element.value = '';","                        break;","                    default:","                        element.textContent = '';","                    }","                });","            }","            switch (event && event.currentTarget && event.currentTarget.id) {","            case 'testRunButton1':","                // show tests","                if (document.querySelector('#testReportDiv1').style.display === 'none') {","                    document.querySelector('#testReportDiv1').style.display = 'block';","                    document.querySelector('#testRunButton1').textContent =","                        'hide internal test';","                    local.modeTest = true;","                    local.testRunDefault(local);","                // hide tests","                } else {","                    document.querySelector('#testReportDiv1').style.display = 'none';","                    document.querySelector('#testRunButton1').textContent = 'run internal test';","                }","                break;","            // custom-case","            default:","                break;","            }","            if (document.querySelector('#inputTextareaEval1') && (!event || (event &&","                    event.currentTarget &&","                    event.currentTarget.className &&","                    event.currentTarget.className.includes &&","                    event.currentTarget.className.includes('oneval')))) {","                // try to eval input-code","                try {","                    /*jslint evil: true*/","                    eval(document.querySelector('#inputTextareaEval1').value);","                } catch (errorCaught) {","                    console.error(errorCaught);","                }","            }","        };","        // log stderr and stdout to #outputTextareaStdout1","        ['error', 'log'].forEach(function (key) {","            console[key + '_original'] = console[key];","            console[key] = function () {","                var element;","                console[key + '_original'].apply(console, arguments);","                element = document.querySelector('#outputTextareaStdout1');","                if (!element) {","                    return;","                }","                // append text to #outputTextareaStdout1","                element.value += Array.from(arguments).map(function (arg) {","                    return typeof arg === 'string'","                        ? arg","                        : JSON.stringify(arg, null, 4);","                }).join(' ') + '\\n';","                // scroll textarea to bottom","                element.scrollTop = element.scrollHeight;","            };","        });","        // init event-handling","        ['change', 'click', 'keyup'].forEach(function (event) {","            Array.from(document.querySelectorAll('.on' + event)).forEach(function (element) {","                element.addEventListener(event, local.testRunBrowser);","            });","        });","        // run tests","        local.testRunBrowser();","        break;","","","","    // run node js-env code - post-init","    /* istanbul ignore next */","    case 'node':","        // export local","        module.exports = local;","        // require modules","        local.fs = require('fs');","        local.http = require('http');","        local.url = require('url');","        // init assets","        local.assetsDict = local.assetsDict || {};","        /* jslint-ignore-begin */","        local.assetsDict['/assets.index.template.html'] = '\\","<!doctype html>\\n\\","<html lang=\"en\">\\n\\","<head>\\n\\","<meta charset=\"UTF-8\">\\n\\","<meta name=\"viewport\" content=\"width=device-width, initial-scale=1\">\\n\\","<title>{{env.npm_package_name}} (v{{env.npm_package_version}})</title>\\n\\","<style>\\n\\","/*csslint\\n\\","    box-sizing: false,\\n\\","    universal-selector: false\\n\\","*/\\n\\","* {\\n\\","    box-sizing: border-box;\\n\\","}\\n\\","body {\\n\\","    background: #dde;\\n\\","    font-family: Arial, Helvetica, sans-serif;\\n\\","    margin: 2rem;\\n\\","}\\n\\","body > * {\\n\\","    margin-bottom: 1rem;\\n\\","}\\n\\",".utility2FooterDiv {\\n\\","    margin-top: 20px;\\n\\","    text-align: center;\\n\\","}\\n\\","</style>\\n\\","<style>\\n\\","/*csslint\\n\\","*/\\n\\","textarea {\\n\\","    font-family: monospace;\\n\\","    height: 10rem;\\n\\","    width: 100%;\\n\\","}\\n\\","textarea[readonly] {\\n\\","    background: #ddd;\\n\\","}\\n\\","</style>\\n\\","</head>\\n\\","<body>\\n\\","<!-- utility2-comment\\n\\","<div id=\"ajaxProgressDiv1\" style=\"background: #d00; height: 2px; left: 0; margin: 0; padding: 0; position: fixed; top: 0; transition: background 0.5s, width 1.5s; width: 25%;\"></div>\\n\\","utility2-comment -->\\n\\","<h1>\\n\\","<!-- utility2-comment\\n\\","    <a\\n\\","        {{#if env.npm_package_homepage}}\\n\\","        href=\"{{env.npm_package_homepage}}\"\\n\\","        {{/if env.npm_package_homepage}}\\n\\","        target=\"_blank\"\\n\\","    >\\n\\","utility2-comment -->\\n\\","        {{env.npm_package_name}} (v{{env.npm_package_version}})\\n\\","<!-- utility2-comment\\n\\","    </a>\\n\\","utility2-comment -->\\n\\","</h1>\\n\\","<h3>{{env.npm_package_description}}</h3>\\n\\","<!-- utility2-comment\\n\\","<h4><a download href=\"assets.app.js\">download standalone app</a></h4>\\n\\","<button class=\"onclick onreset\" id=\"testRunButton1\">run internal test</button><br>\\n\\","<div id=\"testReportDiv1\" style=\"display: none;\"></div>\\n\\","utility2-comment -->\\n\\","\\n\\","\\n\\","\\n\\","<label>stderr and stdout</label>\\n\\","<textarea class=\"resettable\" id=\"outputTextareaStdout1\" readonly></textarea>\\n\\","<!-- utility2-comment\\n\\","{{#if isRollup}}\\n\\","<script src=\"assets.app.js\"></script>\\n\\","{{#unless isRollup}}\\n\\","utility2-comment -->\\n\\","<script src=\"assets.utility2.rollup.js\"></script>\\n\\","<script src=\"jsonp.utility2._stateInit?callback=window.utility2._stateInit\"></script>\\n\\","<script src=\"assets.npmtest_seedrandom.rollup.js\"></script>\\n\\","<script src=\"assets.example.js\"></script>\\n\\","<script src=\"assets.test.js\"></script>\\n\\","<!-- utility2-comment\\n\\","{{/if isRollup}}\\n\\","utility2-comment -->\\n\\","<div class=\"utility2FooterDiv\">\\n\\","    [ this app was created with\\n\\","    <a href=\"https://github.com/kaizhu256/node-utility2\" target=\"_blank\">utility2</a>\\n\\","    ]\\n\\","</div>\\n\\","</body>\\n\\","</html>\\n\\","';","        /* jslint-ignore-end */","        if (local.templateRender) {","            local.assetsDict['/'] = local.templateRender(","                local.assetsDict['/assets.index.template.html'],","                {","                    env: local.objectSetDefault(local.env, {","                        npm_package_description: 'the greatest app in the world!',","                        npm_package_name: 'my-app',","                        npm_package_nameAlias: 'my_app',","                        npm_package_version: '0.0.1'","                    })","                }","            );","        } else {","            local.assetsDict['/'] = local.assetsDict['/assets.index.template.html']","                .replace((/\\{\\{env\\.(\\w+?)\\}\\}/g), function (match0, match1) {","                    // jslint-hack","                    String(match0);","                    switch (match1) {","                    case 'npm_package_description':","                        return 'the greatest app in the world!';","                    case 'npm_package_name':","                        return 'my-app';","                    case 'npm_package_nameAlias':","                        return 'my_app';","                    case 'npm_package_version':","                        return '0.0.1';","                    }","                });","        }","        // run the cli","        if (local.global.utility2_rollup || module !== require.main) {","            break;","        }","        local.assetsDict['/assets.example.js'] =","            local.assetsDict['/assets.example.js'] ||","            local.fs.readFileSync(__filename, 'utf8');","        // bug-workaround - long $npm_package_buildCustomOrg","        /* jslint-ignore-begin */","        local.assetsDict['/assets.npmtest_seedrandom.rollup.js'] =","            local.assetsDict['/assets.npmtest_seedrandom.rollup.js'] ||","            local.fs.readFileSync(","                local.npmtest_seedrandom.__dirname + '/lib.npmtest_seedrandom.js',","                'utf8'","            ).replace((/^#!/), '//');","        /* jslint-ignore-end */","        local.assetsDict['/favicon.ico'] = local.assetsDict['/favicon.ico'] || '';","        // if $npm_config_timeout_exit exists,","        // then exit this process after $npm_config_timeout_exit ms","        if (Number(process.env.npm_config_timeout_exit)) {","            setTimeout(process.exit, Number(process.env.npm_config_timeout_exit));","        }","        // start server","        if (local.global.utility2_serverHttp1) {","            break;","        }","        process.env.PORT = process.env.PORT || '8081';","        console.error('server starting on port ' + process.env.PORT);","        local.http.createServer(function (request, response) {","            request.urlParsed = local.url.parse(request.url);","            if (local.assetsDict[request.urlParsed.pathname] !== undefined) {","                response.end(local.assetsDict[request.urlParsed.pathname]);","                return;","            }","            response.statusCode = 404;","            response.end();","        }).listen(process.env.PORT);","        break;","    }","}());",""],"l":{"26":2,"28":2,"33":2,"35":2,"37":2,"38":2,"39":2,"44":1,"51":2,"55":2,"59":2,"61":2,"69":1,"70":2,"76":2,"79":2,"82":2,"83":2,"85":1,"89":2,"92":1,"93":1,"94":1,"96":1,"97":1,"100":1,"101":1,"103":1,"106":1,"108":2,"114":1,"116":1,"118":1,"123":1,"124":2,"125":2,"126":3,"127":3,"128":3,"129":3,"130":1,"133":3,"134":3,"139":3,"143":1,"144":3,"145":1,"149":1,"150":1,"158":1,"160":1,"161":1,"162":1,"164":1,"166":1,"258":1,"259":1,"271":1,"274":6,"275":6,"277":1,"279":2,"281":1,"283":2,"288":1,"289":1,"291":1,"296":1,"303":1,"306":1,"307":1,"310":1,"311":1,"313":1,"314":1,"315":1,"316":1,"317":1,"318":1,"319":1,"321":1,"322":1,"324":1}},"/home/travis/build/npmtest/node-npmtest-seedrandom/node_modules/seedrandom/index.js":{"path":"/home/travis/build/npmtest/node-npmtest-seedrandom/node_modules/seedrandom/index.js","s":{"1":1,"2":1,"3":1,"4":1,"5":1,"6":1,"7":1,"8":1,"9":1,"10":1,"11":1,"12":1,"13":1,"14":1},"b":{},"f":{},"fnMap":{},"statementMap":{"1":{"start":{"line":13,"column":0},"end":{"line":13,"column":33}},"2":{"start":{"line":18,"column":0},"end":{"line":18,"column":37}},"3":{"start":{"line":23,"column":0},"end":{"line":23,"column":37}},"4":{"start":{"line":31,"column":0},"end":{"line":31,"column":43}},"5":{"start":{"line":40,"column":0},"end":{"line":40,"column":39}},"6":{"start":{"line":47,"column":0},"end":{"line":47,"column":37}},"7":{"start":{"line":51,"column":0},"end":{"line":51,"column":33}},"8":{"start":{"line":53,"column":0},"end":{"line":53,"column":15}},"9":{"start":{"line":54,"column":0},"end":{"line":54,"column":19}},"10":{"start":{"line":55,"column":0},"end":{"line":55,"column":19}},"11":{"start":{"line":56,"column":0},"end":{"line":56,"column":25}},"12":{"start":{"line":57,"column":0},"end":{"line":57,"column":21}},"13":{"start":{"line":58,"column":0},"end":{"line":58,"column":19}},"14":{"start":{"line":60,"column":0},"end":{"line":60,"column":20}}},"branchMap":{},"code":["// A library of seedable RNGs implemented in Javascript.","//","// Usage:","//","// var seedrandom = require('seedrandom');","// var random = seedrandom(1); // or any seed.","// var x = random();       // 0 <= x < 1.  Every bit is random.","// var x = random.quick(); // 0 <= x < 1.  32 bits of randomness.","","// alea, a 53-bit multiply-with-carry generator by Johannes Baagøe.","// Period: ~2^116","// Reported to pass all BigCrush tests.","var alea = require('./lib/alea');","","// xor128, a pure xor-shift generator by George Marsaglia.","// Period: 2^128-1.","// Reported to fail: MatrixRank and LinearComp.","var xor128 = require('./lib/xor128');","","// xorwow, George Marsaglia's 160-bit xor-shift combined plus weyl.","// Period: 2^192-2^32","// Reported to fail: CollisionOver, SimpPoker, and LinearComp.","var xorwow = require('./lib/xorwow');","","// xorshift7, by François Panneton and Pierre L'ecuyer, takes","// a different approach: it adds robustness by allowing more shifts","// than Marsaglia's original three.  It is a 7-shift generator","// with 256 bits, that passes BigCrush with no systmatic failures.","// Period 2^256-1.","// No systematic BigCrush failures reported.","var xorshift7 = require('./lib/xorshift7');","","// xor4096, by Richard Brent, is a 4096-bit xor-shift with a","// very long period that also adds a Weyl generator. It also passes","// BigCrush with no systematic failures.  Its long period may","// be useful if you have many generators and need to avoid","// collisions.","// Period: 2^4128-2^32.","// No systematic BigCrush failures reported.","var xor4096 = require('./lib/xor4096');","","// Tyche-i, by Samuel Neves and Filipe Araujo, is a bit-shifting random","// number generator derived from ChaCha, a modern stream cipher.","// https://eden.dei.uc.pt/~sneves/pubs/2011-snfa2.pdf","// Period: ~2^127","// No systematic BigCrush failures reported.","var tychei = require('./lib/tychei');","","// The original ARC4-based prng included in this library.","// Period: ~2^1600","var sr = require('./seedrandom');","","sr.alea = alea;","sr.xor128 = xor128;","sr.xorwow = xorwow;","sr.xorshift7 = xorshift7;","sr.xor4096 = xor4096;","sr.tychei = tychei;","","module.exports = sr;",""],"l":{"13":1,"18":1,"23":1,"31":1,"40":1,"47":1,"51":1,"53":1,"54":1,"55":1,"56":1,"57":1,"58":1,"60":1}},"/home/travis/build/npmtest/node-npmtest-seedrandom/node_modules/seedrandom/lib/alea.js":{"path":"/home/travis/build/npmtest/node-npmtest-seedrandom/node_modules/seedrandom/lib/alea.js","s":{"1":1,"2":1,"3":0,"4":0,"5":0,"6":0,"7":0,"8":0,"9":0,"10":0,"11":0,"12":0,"13":0,"14":0,"15":0,"16":0,"17":0,"18":0,"19":0,"20":0,"21":0,"22":0,"23":1,"24":0,"25":0,"26":0,"27":0,"28":0,"29":1,"30":0,"31":0,"32":0,"33":0,"34":0,"35":0,"36":0,"37":0,"38":0,"39":0,"40":0,"41":0,"42":1,"43":0,"44":0,"45":0,"46":0,"47":0,"48":0,"49":0,"50":0,"51":0,"52":0,"53":0,"54":0,"55":0,"56":0,"57":1,"58":1,"59":0,"60":0,"61":0,"62":0},"b":{"1":[0,0],"2":[0,0],"3":[0,0],"4":[0,0],"5":[0,0],"6":[0,0],"7":[1,0],"8":[1,1],"9":[0,0],"10":[0,0],"11":[1,1],"12":[1,0]},"f":{"1":1,"2":0,"3":0,"4":0,"5":0,"6":0,"7":0,"8":0,"9":0,"10":0,"11":0},"fnMap":{"1":{"name":"(anonymous_1)","line":28,"loc":{"start":{"line":28,"column":1},"end":{"line":28,"column":34}}},"2":{"name":"Alea","line":30,"loc":{"start":{"line":30,"column":0},"end":{"line":30,"column":20}}},"3":{"name":"(anonymous_3)","line":33,"loc":{"start":{"line":33,"column":12},"end":{"line":33,"column":23}}},"4":{"name":"copy","line":54,"loc":{"start":{"line":54,"column":0},"end":{"line":54,"column":20}}},"5":{"name":"impl","line":62,"loc":{"start":{"line":62,"column":0},"end":{"line":62,"column":26}}},"6":{"name":"(anonymous_6)","line":66,"loc":{"start":{"line":66,"column":15},"end":{"line":66,"column":26}}},"7":{"name":"(anonymous_7)","line":67,"loc":{"start":{"line":67,"column":16},"end":{"line":67,"column":27}}},"8":{"name":"(anonymous_8)","line":73,"loc":{"start":{"line":73,"column":17},"end":{"line":73,"column":28}}},"9":{"name":"Mash","line":78,"loc":{"start":{"line":78,"column":0},"end":{"line":78,"column":16}}},"10":{"name":"(anonymous_10)","line":81,"loc":{"start":{"line":81,"column":13},"end":{"line":81,"column":28}}},"11":{"name":"(anonymous_11)","line":103,"loc":{"start":{"line":103,"column":9},"end":{"line":103,"column":20}}}},"statementMap":{"1":{"start":{"line":28,"column":0},"end":{"line":112,"column":2}},"2":{"start":{"line":30,"column":0},"end":{"line":52,"column":1}},"3":{"start":{"line":31,"column":2},"end":{"line":31,"column":31}},"4":{"start":{"line":33,"column":2},"end":{"line":38,"column":4}},"5":{"start":{"line":34,"column":4},"end":{"line":34,"column":60}},"6":{"start":{"line":35,"column":4},"end":{"line":35,"column":18}},"7":{"start":{"line":36,"column":4},"end":{"line":36,"column":18}},"8":{"start":{"line":37,"column":4},"end":{"line":37,"column":38}},"9":{"start":{"line":41,"column":2},"end":{"line":41,"column":11}},"10":{"start":{"line":42,"column":2},"end":{"line":42,"column":20}},"11":{"start":{"line":43,"column":2},"end":{"line":43,"column":20}},"12":{"start":{"line":44,"column":2},"end":{"line":44,"column":20}},"13":{"start":{"line":45,"column":2},"end":{"line":45,"column":22}},"14":{"start":{"line":46,"column":2},"end":{"line":46,"column":32}},"15":{"start":{"line":46,"column":19},"end":{"line":46,"column":30}},"16":{"start":{"line":47,"column":2},"end":{"line":47,"column":22}},"17":{"start":{"line":48,"column":2},"end":{"line":48,"column":32}},"18":{"start":{"line":48,"column":19},"end":{"line":48,"column":30}},"19":{"start":{"line":49,"column":2},"end":{"line":49,"column":22}},"20":{"start":{"line":50,"column":2},"end":{"line":50,"column":32}},"21":{"start":{"line":50,"column":19},"end":{"line":50,"column":30}},"22":{"start":{"line":51,"column":2},"end":{"line":51,"column":14}},"23":{"start":{"line":54,"column":0},"end":{"line":60,"column":1}},"24":{"start":{"line":55,"column":2},"end":{"line":55,"column":12}},"25":{"start":{"line":56,"column":2},"end":{"line":56,"column":14}},"26":{"start":{"line":57,"column":2},"end":{"line":57,"column":14}},"27":{"start":{"line":58,"column":2},"end":{"line":58,"column":14}},"28":{"start":{"line":59,"column":2},"end":{"line":59,"column":11}},"29":{"start":{"line":62,"column":0},"end":{"line":76,"column":1}},"30":{"start":{"line":63,"column":2},"end":{"line":65,"column":21}},"31":{"start":{"line":66,"column":2},"end":{"line":66,"column":67}},"32":{"start":{"line":66,"column":28},"end":{"line":66,"column":65}},"33":{"start":{"line":67,"column":2},"end":{"line":69,"column":4}},"34":{"start":{"line":68,"column":4},"end":{"line":68,"column":69}},"35":{"start":{"line":70,"column":2},"end":{"line":70,"column":20}},"36":{"start":{"line":71,"column":2},"end":{"line":74,"column":3}},"37":{"start":{"line":72,"column":4},"end":{"line":72,"column":51}},"38":{"start":{"line":72,"column":35},"end":{"line":72,"column":51}},"39":{"start":{"line":73,"column":4},"end":{"line":73,"column":52}},"40":{"start":{"line":73,"column":30},"end":{"line":73,"column":50}},"41":{"start":{"line":75,"column":2},"end":{"line":75,"column":14}},"42":{"start":{"line":78,"column":0},"end":{"line":97,"column":1}},"43":{"start":{"line":79,"column":2},"end":{"line":79,"column":21}},"44":{"start":{"line":81,"column":2},"end":{"line":94,"column":4}},"45":{"start":{"line":82,"column":4},"end":{"line":82,"column":27}},"46":{"start":{"line":83,"column":4},"end":{"line":92,"column":5}},"47":{"start":{"line":84,"column":6},"end":{"line":84,"column":30}},"48":{"start":{"line":85,"column":6},"end":{"line":85,"column":38}},"49":{"start":{"line":86,"column":6},"end":{"line":86,"column":18}},"50":{"start":{"line":87,"column":6},"end":{"line":87,"column":13}},"51":{"start":{"line":88,"column":6},"end":{"line":88,"column":13}},"52":{"start":{"line":89,"column":6},"end":{"line":89,"column":18}},"53":{"start":{"line":90,"column":6},"end":{"line":90,"column":13}},"54":{"start":{"line":91,"column":6},"end":{"line":91,"column":27}},"55":{"start":{"line":93,"column":4},"end":{"line":93,"column":46}},"56":{"start":{"line":96,"column":2},"end":{"line":96,"column":14}},"57":{"start":{"line":100,"column":0},"end":{"line":106,"column":1}},"58":{"start":{"line":101,"column":2},"end":{"line":101,"column":24}},"59":{"start":{"line":102,"column":7},"end":{"line":106,"column":1}},"60":{"start":{"line":103,"column":2},"end":{"line":103,"column":38}},"61":{"start":{"line":103,"column":22},"end":{"line":103,"column":34}},"62":{"start":{"line":105,"column":2},"end":{"line":105,"column":19}}},"branchMap":{"1":{"line":46,"type":"if","locations":[{"start":{"line":46,"column":2},"end":{"line":46,"column":2}},{"start":{"line":46,"column":2},"end":{"line":46,"column":2}}]},"2":{"line":48,"type":"if","locations":[{"start":{"line":48,"column":2},"end":{"line":48,"column":2}},{"start":{"line":48,"column":2},"end":{"line":48,"column":2}}]},"3":{"line":50,"type":"if","locations":[{"start":{"line":50,"column":2},"end":{"line":50,"column":2}},{"start":{"line":50,"column":2},"end":{"line":50,"column":2}}]},"4":{"line":64,"type":"binary-expr","locations":[{"start":{"line":64,"column":14},"end":{"line":64,"column":18}},{"start":{"line":64,"column":22},"end":{"line":64,"column":32}}]},"5":{"line":71,"type":"if","locations":[{"start":{"line":71,"column":2},"end":{"line":71,"column":2}},{"start":{"line":71,"column":2},"end":{"line":71,"column":2}}]},"6":{"line":72,"type":"if","locations":[{"start":{"line":72,"column":4},"end":{"line":72,"column":4}},{"start":{"line":72,"column":4},"end":{"line":72,"column":4}}]},"7":{"line":100,"type":"if","locations":[{"start":{"line":100,"column":0},"end":{"line":100,"column":0}},{"start":{"line":100,"column":0},"end":{"line":100,"column":0}}]},"8":{"line":100,"type":"binary-expr","locations":[{"start":{"line":100,"column":4},"end":{"line":100,"column":10}},{"start":{"line":100,"column":14},"end":{"line":100,"column":28}}]},"9":{"line":102,"type":"if","locations":[{"start":{"line":102,"column":7},"end":{"line":102,"column":7}},{"start":{"line":102,"column":7},"end":{"line":102,"column":7}}]},"10":{"line":102,"type":"binary-expr","locations":[{"start":{"line":102,"column":11},"end":{"line":102,"column":17}},{"start":{"line":102,"column":21},"end":{"line":102,"column":31}}]},"11":{"line":110,"type":"binary-expr","locations":[{"start":{"line":110,"column":2},"end":{"line":110,"column":29}},{"start":{"line":110,"column":33},"end":{"line":110,"column":39}}]},"12":{"line":111,"type":"binary-expr","locations":[{"start":{"line":111,"column":2},"end":{"line":111,"column":31}},{"start":{"line":111,"column":35},"end":{"line":111,"column":41}}]}},"code":["// A port of an algorithm by Johannes Baagøe <baagoe@baagoe.com>, 2010","// http://baagoe.com/en/RandomMusings/javascript/","// https://github.com/nquinlan/better-random-numbers-for-javascript-mirror","// Original work is under MIT license -","","// Copyright (C) 2010 by Johannes Baagøe <baagoe@baagoe.org>","//","// Permission is hereby granted, free of charge, to any person obtaining a copy","// of this software and associated documentation files (the \"Software\"), to deal","// in the Software without restriction, including without limitation the rights","// to use, copy, modify, merge, publish, distribute, sublicense, and/or sell","// copies of the Software, and to permit persons to whom the Software is","// furnished to do so, subject to the following conditions:","// ","// The above copyright notice and this permission notice shall be included in","// all copies or substantial portions of the Software.","// ","// THE SOFTWARE IS PROVIDED \"AS IS\", WITHOUT WARRANTY OF ANY KIND, EXPRESS OR","// IMPLIED, INCLUDING BUT NOT LIMITED TO THE WARRANTIES OF MERCHANTABILITY,","// FITNESS FOR A PARTICULAR PURPOSE AND NONINFRINGEMENT. IN NO EVENT SHALL THE","// AUTHORS OR COPYRIGHT HOLDERS BE LIABLE FOR ANY CLAIM, DAMAGES OR OTHER","// LIABILITY, WHETHER IN AN ACTION OF CONTRACT, TORT OR OTHERWISE, ARISING FROM,","// OUT OF OR IN CONNECTION WITH THE SOFTWARE OR THE USE OR OTHER DEALINGS IN","// THE SOFTWARE.","","","","(function(global, module, define) {","","function Alea(seed) {","  var me = this, mash = Mash();","","  me.next = function() {","    var t = 2091639 * me.s0 + me.c * 2.3283064365386963e-10; // 2^-32","    me.s0 = me.s1;","    me.s1 = me.s2;","    return me.s2 = t - (me.c = t | 0);","  };","","  // Apply the seeding algorithm from Baagoe.","  me.c = 1;","  me.s0 = mash(' ');","  me.s1 = mash(' ');","  me.s2 = mash(' ');","  me.s0 -= mash(seed);","  if (me.s0 < 0) { me.s0 += 1; }","  me.s1 -= mash(seed);","  if (me.s1 < 0) { me.s1 += 1; }","  me.s2 -= mash(seed);","  if (me.s2 < 0) { me.s2 += 1; }","  mash = null;","}","","function copy(f, t) {","  t.c = f.c;","  t.s0 = f.s0;","  t.s1 = f.s1;","  t.s2 = f.s2;","  return t;","}","","function impl(seed, opts) {","  var xg = new Alea(seed),","      state = opts && opts.state,","      prng = xg.next;","  prng.int32 = function() { return (xg.next() * 0x100000000) | 0; }","  prng.double = function() {","    return prng() + (prng() * 0x200000 | 0) * 1.1102230246251565e-16; // 2^-53","  };","  prng.quick = prng;","  if (state) {","    if (typeof(state) == 'object') copy(state, xg);","    prng.state = function() { return copy(xg, {}); }","  }","  return prng;","}","","function Mash() {","  var n = 0xefc8249d;","","  var mash = function(data) {","    data = data.toString();","    for (var i = 0; i < data.length; i++) {","      n += data.charCodeAt(i);","      var h = 0.02519603282416938 * n;","      n = h >>> 0;","      h -= n;","      h *= n;","      n = h >>> 0;","      h -= n;","      n += h * 0x100000000; // 2^32","    }","    return (n >>> 0) * 2.3283064365386963e-10; // 2^-32","  };","","  return mash;","}","","","if (module && module.exports) {","  module.exports = impl;","} else if (define && define.amd) {","  define(function() { return impl; });","} else {","  this.alea = impl;","}","","})(","  this,","  (typeof module) == 'object' && module,    // present in node.js","  (typeof define) == 'function' && define   // present with an AMD loader",");","","",""],"l":{"28":1,"30":1,"31":0,"33":0,"34":0,"35":0,"36":0,"37":0,"41":0,"42":0,"43":0,"44":0,"45":0,"46":0,"47":0,"48":0,"49":0,"50":0,"51":0,"54":1,"55":0,"56":0,"57":0,"58":0,"59":0,"62":1,"63":0,"66":0,"67":0,"68":0,"70":0,"71":0,"72":0,"73":0,"75":0,"78":1,"79":0,"81":0,"82":0,"83":0,"84":0,"85":0,"86":0,"87":0,"88":0,"89":0,"90":0,"91":0,"93":0,"96":0,"100":1,"101":1,"102":0,"103":0,"105":0}},"/home/travis/build/npmtest/node-npmtest-seedrandom/node_modules/seedrandom/lib/xor128.js":{"path":"/home/travis/build/npmtest/node-npmtest-seedrandom/node_modules/seedrandom/lib/xor128.js","s":{"1":1,"2":1,"3":0,"4":0,"5":0,"6":0,"7":0,"8":0,"9":0,"10":0,"11":0,"12":0,"13":0,"14":0,"15":0,"16":0,"17":0,"18":0,"19":0,"20":1,"21":0,"22":0,"23":0,"24":0,"25":0,"26":1,"27":0,"28":0,"29":0,"30":0,"31":0,"32":0,"33":0,"34":0,"35":0,"36":0,"37":0,"38":0,"39":0,"40":0,"41":1,"42":1,"43":0,"44":0,"45":0,"46":0},"b":{"1":[0,0],"2":[0,0],"3":[0,0],"4":[0,0],"5":[1,0],"6":[1,1],"7":[0,0],"8":[0,0],"9":[1,1],"10":[1,0]},"f":{"1":1,"2":0,"3":0,"4":0,"5":0,"6":0,"7":0,"8":0,"9":0},"fnMap":{"1":{"name":"(anonymous_1)","line":4,"loc":{"start":{"line":4,"column":1},"end":{"line":4,"column":34}}},"2":{"name":"XorGen","line":6,"loc":{"start":{"line":6,"column":0},"end":{"line":6,"column":22}}},"3":{"name":"(anonymous_3)","line":15,"loc":{"start":{"line":15,"column":12},"end":{"line":15,"column":23}}},"4":{"name":"copy","line":38,"loc":{"start":{"line":38,"column":0},"end":{"line":38,"column":20}}},"5":{"name":"impl","line":46,"loc":{"start":{"line":46,"column":0},"end":{"line":46,"column":26}}},"6":{"name":"(anonymous_6)","line":49,"loc":{"start":{"line":49,"column":13},"end":{"line":49,"column":24}}},"7":{"name":"(anonymous_7)","line":50,"loc":{"start":{"line":50,"column":16},"end":{"line":50,"column":27}}},"8":{"name":"(anonymous_8)","line":62,"loc":{"start":{"line":62,"column":17},"end":{"line":62,"column":28}}},"9":{"name":"(anonymous_9)","line":70,"loc":{"start":{"line":70,"column":9},"end":{"line":70,"column":20}}}},"statementMap":{"1":{"start":{"line":4,"column":0},"end":{"line":79,"column":2}},"2":{"start":{"line":6,"column":0},"end":{"line":36,"column":1}},"3":{"start":{"line":7,"column":2},"end":{"line":7,"column":30}},"4":{"start":{"line":9,"column":2},"end":{"line":9,"column":11}},"5":{"start":{"line":10,"column":2},"end":{"line":10,"column":11}},"6":{"start":{"line":11,"column":2},"end":{"line":11,"column":11}},"7":{"start":{"line":12,"column":2},"end":{"line":12,"column":11}},"8":{"start":{"line":15,"column":2},"end":{"line":21,"column":4}},"9":{"start":{"line":16,"column":4},"end":{"line":16,"column":32}},"10":{"start":{"line":17,"column":4},"end":{"line":17,"column":16}},"11":{"start":{"line":18,"column":4},"end":{"line":18,"column":16}},"12":{"start":{"line":19,"column":4},"end":{"line":19,"column":16}},"13":{"start":{"line":20,"column":4},"end":{"line":20,"column":49}},"14":{"start":{"line":23,"column":2},"end":{"line":29,"column":3}},"15":{"start":{"line":25,"column":4},"end":{"line":25,"column":16}},"16":{"start":{"line":28,"column":4},"end":{"line":28,"column":20}},"17":{"start":{"line":32,"column":2},"end":{"line":35,"column":3}},"18":{"start":{"line":33,"column":4},"end":{"line":33,"column":38}},"19":{"start":{"line":34,"column":4},"end":{"line":34,"column":14}},"20":{"start":{"line":38,"column":0},"end":{"line":44,"column":1}},"21":{"start":{"line":39,"column":2},"end":{"line":39,"column":12}},"22":{"start":{"line":40,"column":2},"end":{"line":40,"column":12}},"23":{"start":{"line":41,"column":2},"end":{"line":41,"column":12}},"24":{"start":{"line":42,"column":2},"end":{"line":42,"column":12}},"25":{"start":{"line":43,"column":2},"end":{"line":43,"column":11}},"26":{"start":{"line":46,"column":0},"end":{"line":65,"column":1}},"27":{"start":{"line":47,"column":2},"end":{"line":49,"column":68}},"28":{"start":{"line":49,"column":26},"end":{"line":49,"column":65}},"29":{"start":{"line":50,"column":2},"end":{"line":57,"column":4}},"30":{"start":{"line":51,"column":4},"end":{"line":55,"column":27}},"31":{"start":{"line":52,"column":6},"end":{"line":54,"column":43}},"32":{"start":{"line":56,"column":4},"end":{"line":56,"column":18}},"33":{"start":{"line":58,"column":2},"end":{"line":58,"column":23}},"34":{"start":{"line":59,"column":2},"end":{"line":59,"column":20}},"35":{"start":{"line":60,"column":2},"end":{"line":63,"column":3}},"36":{"start":{"line":61,"column":4},"end":{"line":61,"column":51}},"37":{"start":{"line":61,"column":35},"end":{"line":61,"column":51}},"38":{"start":{"line":62,"column":4},"end":{"line":62,"column":52}},"39":{"start":{"line":62,"column":30},"end":{"line":62,"column":50}},"40":{"start":{"line":64,"column":2},"end":{"line":64,"column":14}},"41":{"start":{"line":67,"column":0},"end":{"line":73,"column":1}},"42":{"start":{"line":68,"column":2},"end":{"line":68,"column":24}},"43":{"start":{"line":69,"column":7},"end":{"line":73,"column":1}},"44":{"start":{"line":70,"column":2},"end":{"line":70,"column":38}},"45":{"start":{"line":70,"column":22},"end":{"line":70,"column":34}},"46":{"start":{"line":72,"column":2},"end":{"line":72,"column":21}}},"branchMap":{"1":{"line":23,"type":"if","locations":[{"start":{"line":23,"column":2},"end":{"line":23,"column":2}},{"start":{"line":23,"column":2},"end":{"line":23,"column":2}}]},"2":{"line":48,"type":"binary-expr","locations":[{"start":{"line":48,"column":14},"end":{"line":48,"column":18}},{"start":{"line":48,"column":22},"end":{"line":48,"column":32}}]},"3":{"line":60,"type":"if","locations":[{"start":{"line":60,"column":2},"end":{"line":60,"column":2}},{"start":{"line":60,"column":2},"end":{"line":60,"column":2}}]},"4":{"line":61,"type":"if","locations":[{"start":{"line":61,"column":4},"end":{"line":61,"column":4}},{"start":{"line":61,"column":4},"end":{"line":61,"column":4}}]},"5":{"line":67,"type":"if","locations":[{"start":{"line":67,"column":0},"end":{"line":67,"column":0}},{"start":{"line":67,"column":0},"end":{"line":67,"column":0}}]},"6":{"line":67,"type":"binary-expr","locations":[{"start":{"line":67,"column":4},"end":{"line":67,"column":10}},{"start":{"line":67,"column":14},"end":{"line":67,"column":28}}]},"7":{"line":69,"type":"if","locations":[{"start":{"line":69,"column":7},"end":{"line":69,"column":7}},{"start":{"line":69,"column":7},"end":{"line":69,"column":7}}]},"8":{"line":69,"type":"binary-expr","locations":[{"start":{"line":69,"column":11},"end":{"line":69,"column":17}},{"start":{"line":69,"column":21},"end":{"line":69,"column":31}}]},"9":{"line":77,"type":"binary-expr","locations":[{"start":{"line":77,"column":2},"end":{"line":77,"column":29}},{"start":{"line":77,"column":33},"end":{"line":77,"column":39}}]},"10":{"line":78,"type":"binary-expr","locations":[{"start":{"line":78,"column":2},"end":{"line":78,"column":31}},{"start":{"line":78,"column":35},"end":{"line":78,"column":41}}]}},"code":["// A Javascript implementaion of the \"xor128\" prng algorithm by","// George Marsaglia.  See http://www.jstatsoft.org/v08/i14/paper","","(function(global, module, define) {","","function XorGen(seed) {","  var me = this, strseed = '';","","  me.x = 0;","  me.y = 0;","  me.z = 0;","  me.w = 0;","","  // Set up generator function.","  me.next = function() {","    var t = me.x ^ (me.x << 11);","    me.x = me.y;","    me.y = me.z;","    me.z = me.w;","    return me.w ^= (me.w >>> 19) ^ t ^ (t >>> 8);","  };","","  if (seed === (seed | 0)) {","    // Integer seed.","    me.x = seed;","  } else {","    // String seed.","    strseed += seed;","  }","","  // Mix in string seed, then discard an initial batch of 64 values.","  for (var k = 0; k < strseed.length + 64; k++) {","    me.x ^= strseed.charCodeAt(k) | 0;","    me.next();","  }","}","","function copy(f, t) {","  t.x = f.x;","  t.y = f.y;","  t.z = f.z;","  t.w = f.w;","  return t;","}","","function impl(seed, opts) {","  var xg = new XorGen(seed),","      state = opts && opts.state,","      prng = function() { return (xg.next() >>> 0) / 0x100000000; };","  prng.double = function() {","    do {","      var top = xg.next() >>> 11,","          bot = (xg.next() >>> 0) / 0x100000000,","          result = (top + bot) / (1 << 21);","    } while (result === 0);","    return result;","  };","  prng.int32 = xg.next;","  prng.quick = prng;","  if (state) {","    if (typeof(state) == 'object') copy(state, xg);","    prng.state = function() { return copy(xg, {}); }","  }","  return prng;","}","","if (module && module.exports) {","  module.exports = impl;","} else if (define && define.amd) {","  define(function() { return impl; });","} else {","  this.xor128 = impl;","}","","})(","  this,","  (typeof module) == 'object' && module,    // present in node.js","  (typeof define) == 'function' && define   // present with an AMD loader",");","","",""],"l":{"4":1,"6":1,"7":0,"9":0,"10":0,"11":0,"12":0,"15":0,"16":0,"17":0,"18":0,"19":0,"20":0,"23":0,"25":0,"28":0,"32":0,"33":0,"34":0,"38":1,"39":0,"40":0,"41":0,"42":0,"43":0,"46":1,"47":0,"49":0,"50":0,"51":0,"52":0,"56":0,"58":0,"59":0,"60":0,"61":0,"62":0,"64":0,"67":1,"68":1,"69":0,"70":0,"72":0}},"/home/travis/build/npmtest/node-npmtest-seedrandom/node_modules/seedrandom/lib/xorwow.js":{"path":"/home/travis/build/npmtest/node-npmtest-seedrandom/node_modules/seedrandom/lib/xorwow.js","s":{"1":1,"2":1,"3":0,"4":0,"5":0,"6":0,"7":0,"8":0,"9":0,"10":0,"11":0,"12":0,"13":0,"14":0,"15":0,"16":0,"17":0,"18":0,"19":0,"20":0,"21":0,"22":0,"23":0,"24":1,"25":0,"26":0,"27":0,"28":0,"29":0,"30":0,"31":0,"32":1,"33":0,"34":0,"35":0,"36":0,"37":0,"38":0,"39":0,"40":0,"41":0,"42":0,"43":0,"44":0,"45":0,"46":0,"47":1,"48":1,"49":0,"50":0,"51":0,"52":0},"b":{"1":[0,0],"2":[0,0],"3":[0,0],"4":[0,0],"5":[0,0],"6":[1,0],"7":[1,1],"8":[0,0],"9":[0,0],"10":[1,1],"11":[1,0]},"f":{"1":1,"2":0,"3":0,"4":0,"5":0,"6":0,"7":0,"8":0,"9":0},"fnMap":{"1":{"name":"(anonymous_1)","line":4,"loc":{"start":{"line":4,"column":1},"end":{"line":4,"column":34}}},"2":{"name":"XorGen","line":6,"loc":{"start":{"line":6,"column":0},"end":{"line":6,"column":22}}},"3":{"name":"(anonymous_3)","line":10,"loc":{"start":{"line":10,"column":12},"end":{"line":10,"column":23}}},"4":{"name":"copy","line":41,"loc":{"start":{"line":41,"column":0},"end":{"line":41,"column":20}}},"5":{"name":"impl","line":51,"loc":{"start":{"line":51,"column":0},"end":{"line":51,"column":26}}},"6":{"name":"(anonymous_6)","line":54,"loc":{"start":{"line":54,"column":13},"end":{"line":54,"column":24}}},"7":{"name":"(anonymous_7)","line":55,"loc":{"start":{"line":55,"column":16},"end":{"line":55,"column":27}}},"8":{"name":"(anonymous_8)","line":67,"loc":{"start":{"line":67,"column":17},"end":{"line":67,"column":28}}},"9":{"name":"(anonymous_9)","line":75,"loc":{"start":{"line":75,"column":9},"end":{"line":75,"column":20}}}},"statementMap":{"1":{"start":{"line":4,"column":0},"end":{"line":84,"column":2}},"2":{"start":{"line":6,"column":0},"end":{"line":39,"column":1}},"3":{"start":{"line":7,"column":2},"end":{"line":7,"column":30}},"4":{"start":{"line":10,"column":2},"end":{"line":15,"column":4}},"5":{"start":{"line":11,"column":4},"end":{"line":11,"column":34}},"6":{"start":{"line":12,"column":4},"end":{"line":12,"column":16}},"7":{"start":{"line":12,"column":17},"end":{"line":12,"column":29}},"8":{"start":{"line":12,"column":30},"end":{"line":12,"column":42}},"9":{"start":{"line":12,"column":43},"end":{"line":12,"column":55}},"10":{"start":{"line":13,"column":4},"end":{"line":14,"column":58}},"11":{"start":{"line":17,"column":2},"end":{"line":17,"column":11}},"12":{"start":{"line":18,"column":2},"end":{"line":18,"column":11}},"13":{"start":{"line":19,"column":2},"end":{"line":19,"column":11}},"14":{"start":{"line":20,"column":2},"end":{"line":20,"column":11}},"15":{"start":{"line":21,"column":2},"end":{"line":21,"column":11}},"16":{"start":{"line":23,"column":2},"end":{"line":29,"column":3}},"17":{"start":{"line":25,"column":4},"end":{"line":25,"column":16}},"18":{"start":{"line":28,"column":4},"end":{"line":28,"column":20}},"19":{"start":{"line":32,"column":2},"end":{"line":38,"column":3}},"20":{"start":{"line":33,"column":4},"end":{"line":33,"column":38}},"21":{"start":{"line":34,"column":4},"end":{"line":36,"column":5}},"22":{"start":{"line":35,"column":6},"end":{"line":35,"column":37}},"23":{"start":{"line":37,"column":4},"end":{"line":37,"column":14}},"24":{"start":{"line":41,"column":0},"end":{"line":49,"column":1}},"25":{"start":{"line":42,"column":2},"end":{"line":42,"column":12}},"26":{"start":{"line":43,"column":2},"end":{"line":43,"column":12}},"27":{"start":{"line":44,"column":2},"end":{"line":44,"column":12}},"28":{"start":{"line":45,"column":2},"end":{"line":45,"column":12}},"29":{"start":{"line":46,"column":2},"end":{"line":46,"column":12}},"30":{"start":{"line":47,"column":2},"end":{"line":47,"column":12}},"31":{"start":{"line":48,"column":2},"end":{"line":48,"column":11}},"32":{"start":{"line":51,"column":0},"end":{"line":70,"column":1}},"33":{"start":{"line":52,"column":2},"end":{"line":54,"column":68}},"34":{"start":{"line":54,"column":26},"end":{"line":54,"column":65}},"35":{"start":{"line":55,"column":2},"end":{"line":62,"column":4}},"36":{"start":{"line":56,"column":4},"end":{"line":60,"column":27}},"37":{"start":{"line":57,"column":6},"end":{"line":59,"column":43}},"38":{"start":{"line":61,"column":4},"end":{"line":61,"column":18}},"39":{"start":{"line":63,"column":2},"end":{"line":63,"column":23}},"40":{"start":{"line":64,"column":2},"end":{"line":64,"column":20}},"41":{"start":{"line":65,"column":2},"end":{"line":68,"column":3}},"42":{"start":{"line":66,"column":4},"end":{"line":66,"column":51}},"43":{"start":{"line":66,"column":35},"end":{"line":66,"column":51}},"44":{"start":{"line":67,"column":4},"end":{"line":67,"column":52}},"45":{"start":{"line":67,"column":30},"end":{"line":67,"column":50}},"46":{"start":{"line":69,"column":2},"end":{"line":69,"column":14}},"47":{"start":{"line":72,"column":0},"end":{"line":78,"column":1}},"48":{"start":{"line":73,"column":2},"end":{"line":73,"column":24}},"49":{"start":{"line":74,"column":7},"end":{"line":78,"column":1}},"50":{"start":{"line":75,"column":2},"end":{"line":75,"column":38}},"51":{"start":{"line":75,"column":22},"end":{"line":75,"column":34}},"52":{"start":{"line":77,"column":2},"end":{"line":77,"column":21}}},"branchMap":{"1":{"line":23,"type":"if","locations":[{"start":{"line":23,"column":2},"end":{"line":23,"column":2}},{"start":{"line":23,"column":2},"end":{"line":23,"c
[...]
"73":{"start":{"line":197,"column":4},"end":{"line":203,"column":5}},"74":{"start":{"line":199,"column":6},"end":{"line":199,"column":23}},"75":{"start":{"line":201,"column":6},"end":{"line":201,"column":34}},"76":{"start":{"line":202,"column":6},"end":{"line":202,"column":62}},"77":{"start":{"line":204,"column":4},"end":{"line":204,"column":25}},"78":{"start":{"line":206,"column":4},"end":{"line":207,"column":45}},"79":{"start":{"line":208,"column":4},"end":{"line":208,"column":71}},"80":{"start":{"line":216,"column":0},"end":{"line":218,"column":1}},"81":{"start":{"line":217,"column":2},"end":{"line":217,"column":41}},"82":{"start":{"line":227,"column":0},"end":{"line":227,"column":28}},"83":{"start":{"line":233,"column":0},"end":{"line":241,"column":1}},"84":{"start":{"line":234,"column":2},"end":{"line":234,"column":30}},"85":{"start":{"line":236,"column":2},"end":{"line":238,"column":17}},"86":{"start":{"line":237,"column":4},"end":{"line":237,"column":35}},"87":{"start":{"line":239,"column":7},"end":{"line":241,"column":1}},"88":{"start":{"line":240,"column":2},"end":{"line":240,"column":44}},"89":{"start":{"line":240,"column":22},"end":{"line":240,"column":40}}},"branchMap":{"1":{"line":46,"type":"cond-expr","locations":[{"start":{"line":46,"column":32},"end":{"line":46,"column":49}},{"start":{"line":46,"column":53},"end":{"line":46,"column":66}}]},"2":{"line":46,"type":"binary-expr","locations":[{"start":{"line":46,"column":53},"end":{"line":46,"column":60}},{"start":{"line":46,"column":64},"end":{"line":46,"column":66}}]},"3":{"line":50,"type":"cond-expr","locations":[{"start":{"line":50,"column":22},"end":{"line":50,"column":44}},{"start":{"line":51,"column":4},"end":{"line":51,"column":38}}]},"4":{"line":51,"type":"cond-expr","locations":[{"start":{"line":51,"column":21},"end":{"line":51,"column":31}},{"start":{"line":51,"column":34},"end":{"line":51,"column":38}}]},"5":{"line":83,"type":"binary-expr","locations":[{"start":{"line":83,"column":10},"end":{"line":83,"column":22}},{"start":{"line":83,"column":26},"end":{"line":83,"column":34}},{"start":{"line":84,"column":6},"end":{"line":99,"column":7}}]},"6":{"line":85,"type":"if","locations":[{"start":{"line":85,"column":8},"end":{"line":85,"column":8}},{"start":{"line":85,"column":8},"end":{"line":85,"column":8}}]},"7":{"line":87,"type":"if","locations":[{"start":{"line":87,"column":10},"end":{"line":87,"column":10}},{"start":{"line":87,"column":10},"end":{"line":87,"column":10}}]},"8":{"line":94,"type":"if","locations":[{"start":{"line":94,"column":8},"end":{"line":94,"column":8}},{"start":{"line":94,"column":8},"end":{"line":94,"column":8}}]},"9":{"line":102,"type":"cond-expr","locations":[{"start":{"line":102,"column":24},"end":{"line":102,"column":38}},{"start":{"line":102,"column":42},"end":{"line":102,"column":54}}]},"10":{"line":122,"type":"if","locations":[{"start":{"line":122,"column":2},"end":{"line":122,"column":2}},{"start":{"line":122,"column":2},"end":{"line":122,"column":2}}]},"11":{"line":167,"type":"if","locations":[{"start":{"line":167,"column":2},"end":{"line":167,"column":2}},{"start":{"line":167,"column":2},"end":{"line":167,"column":2}}]},"12":{"line":167,"type":"binary-expr","locations":[{"start":{"line":167,"column":6},"end":{"line":167,"column":11}},{"start":{"line":167,"column":15},"end":{"line":167,"column":30}}]},"13":{"line":172,"type":"cond-expr","locations":[{"start":{"line":172,"column":26},"end":{"line":172,"column":32}},{"start":{"line":172,"column":35},"end":{"line":172,"column":69}}]},"14":{"line":172,"type":"cond-expr","locations":[{"start":{"line":172,"column":53},"end":{"line":172,"column":56}},{"start":{"line":172,"column":59},"end":{"line":172,"column":69}}]},"15":{"line":197,"type":"if","locations":[{"start":{"line":197,"column":4},"end":{"line":197,"column":4}},{"start":{"line":197,"column":4},"end":{"line":197,"column":4}}]},"16":{"line":197,"type":"binary-expr","locations":[{"start":{"line":197,"column":8},"end":{"line":197,"column":18}},{"start":{"line":197,"column":23},"end":{"line":197,"column":51}}]},"17":{"line":202,"type":"binary-expr","locations":[{"start":{"line":202,"column":7},"end":{"line":202,"column":20}},{"start":{"line":202,"column":24},"end":{"line":202,"column":39}}]},"18":{"line":207,"type":"binary-expr","locations":[{"start":{"line":207,"column":18},"end":{"line":207,"column":25}},{"start":{"line":207,"column":29},"end":{"line":207,"column":44}}]},"19":{"line":233,"type":"if","locations":[{"start":{"line":233,"column":0},"end":{"line":233,"column":0}},{"start":{"line":233,"column":0},"end":{"line":233,"column":0}}]},"20":{"line":233,"type":"binary-expr","locations":[{"start":{"line":233,"column":4},"end":{"line":233,"column":31}},{"start":{"line":233,"column":35},"end":{"line":233,"column":49}}]},"21":{"line":239,"type":"if","locations":[{"start":{"line":239,"column":7},"end":{"line":239,"column":7}},{"start":{"line":239,"column":7},"end":{"line":239,"column":7}}]},"22":{"line":239,"type":"binary-expr","locations":[{"start":{"line":239,"column":11},"end":{"line":239,"column":40}},{"start":{"line":239,"column":44},"end":{"line":239,"column":54}}]}},"code":["/*","Copyright 2014 David Bau.","","Permission is hereby granted, free of charge, to any person obtaining","a copy of this software and associated documentation files (the","\"Software\"), to deal in the Software without restriction, including","without limitation the rights to use, copy, modify, merge, publish,","distribute, sublicense, and/or sell copies of the Software, and to","permit persons to whom the Software is furnished to do so, subject to","the following conditions:","","The above copyright notice and this permission notice shall be","included in all copies or substantial portions of the Software.","","THE SOFTWARE IS PROVIDED \"AS IS\", WITHOUT WARRANTY OF ANY KIND,","EXPRESS OR IMPLIED, INCLUDING BUT NOT LIMITED TO THE WARRANTIES OF","MERCHANTABILITY, FITNESS FOR A PARTICULAR PURPOSE AND NONINFRINGEMENT.","IN NO EVENT SHALL THE AUTHORS OR COPYRIGHT HOLDERS BE LIABLE FOR ANY","CLAIM, DAMAGES OR OTHER LIABILITY, WHETHER IN AN ACTION OF CONTRACT,","TORT OR OTHERWISE, ARISING FROM, OUT OF OR IN CONNECTION WITH THE","SOFTWARE OR THE USE OR OTHER DEALINGS IN THE SOFTWARE.","","*/","","(function (pool, math) {","//","// The following constants are related to IEEE 754 limits.","//","var global = this,","    width = 256,        // each RC4 output is 0 <= x < 256","    chunks = 6,         // at least six RC4 outputs for each double","    digits = 52,        // there are 52 significant digits in a double","    rngname = 'random', // rngname: name for Math.random and Math.seedrandom","    startdenom = math.pow(width, chunks),","    significance = math.pow(2, digits),","    overflow = significance * 2,","    mask = width - 1,","    nodecrypto;         // node.js crypto module, initialized at the bottom.","","//","// seedrandom()","// This is the seedrandom function described above.","//","function seedrandom(seed, options, callback) {","  var key = [];","  options = (options == true) ? { entropy: true } : (options || {});","","  // Flatten the seed string or build one from local entropy if needed.","  var shortseed = mixkey(flatten(","    options.entropy ? [seed, tostring(pool)] :","    (seed == null) ? autoseed() : seed, 3), key);","","  // Use the seed to initialize an ARC4 generator.","  var arc4 = new ARC4(key);","","  // This function returns a random double in [0, 1) that contains","  // randomness in every bit of the mantissa of the IEEE 754 value.","  var prng = function() {","    var n = arc4.g(chunks),             // Start with a numerator n < 2 ^ 48","        d = startdenom,                 //   and denominator d = 2 ^ 48.","        x = 0;                          //   and no 'extra last byte'.","    while (n < significance) {          // Fill up all significant digits by","      n = (n + x) * width;              //   shifting numerator and","      d *= width;                       //   denominator and generating a","      x = arc4.g(1);                    //   new least-significant-byte.","    }","    while (n >= overflow) {             // To avoid rounding up, before adding","      n /= 2;                           //   last byte, shift everything","      d /= 2;                           //   right using integer math until","      x >>>= 1;                         //   we have exactly the desired bits.","    }","    return (n + x) / d;                 // Form the number within [0, 1).","  };","","  prng.int32 = function() { return arc4.g(4) | 0; }","  prng.quick = function() { return arc4.g(4) / 0x100000000; }","  prng.double = prng;","","  // Mix the randomness into accumulated entropy.","  mixkey(tostring(arc4.S), pool);","","  // Calling convention: what to return as a function of prng, seed, is_math.","  return (options.pass || callback ||","      function(prng, seed, is_math_call, state) {","        if (state) {","          // Load the arc4 state from the given state if it has an S array.","          if (state.S) { copy(state, arc4); }","          // Only provide the .state method if requested via options.state.","          prng.state = function() { return copy(arc4, {}); }","        }","","        // If called as a method of Math (Math.seedrandom()), mutate","        // Math.random because that is how seedrandom.js has worked since v1.0.","        if (is_math_call) { math[rngname] = prng; return seed; }","","        // Otherwise, it is a newer calling convention, so return the","        // prng directly.","        else return prng;","      })(","  prng,","  shortseed,","  'global' in options ? options.global : (this == math),","  options.state);","}","math['seed' + rngname] = seedrandom;","","//","// ARC4","//","// An ARC4 implementation.  The constructor takes a key in the form of","// an array of at most (width) integers that should be 0 <= x < (width).","//","// The g(count) method returns a pseudorandom integer that concatenates","// the next (count) outputs from ARC4.  Its return value is a number x","// that is in the range 0 <= x < (width ^ count).","//","function ARC4(key) {","  var t, keylen = key.length,","      me = this, i = 0, j = me.i = me.j = 0, s = me.S = [];","","  // The empty key [] is treated as [0].","  if (!keylen) { key = [keylen++]; }","","  // Set up S using the standard key scheduling algorithm.","  while (i < width) {","    s[i] = i++;","  }","  for (i = 0; i < width; i++) {","    s[i] = s[j = mask & (j + key[i % keylen] + (t = s[i]))];","    s[j] = t;","  }","","  // The \"g\" method returns the next (count) outputs as one number.","  (me.g = function(count) {","    // Using instance members instead of closure state nearly doubles speed.","    var t, r = 0,","        i = me.i, j = me.j, s = me.S;","    while (count--) {","      t = s[i = mask & (i + 1)];","      r = r * width + s[mask & ((s[i] = s[j = mask & (j + t)]) + (s[j] = t))];","    }","    me.i = i; me.j = j;","    return r;","    // For robust unpredictability, the function call below automatically","    // discards an initial batch of values.  This is called RC4-drop[256].","    // See http://google.com/search?q=rsa+fluhrer+response&btnI","  })(width);","}","","//","// copy()","// Copies internal state of ARC4 to or from a plain object.","//","function copy(f, t) {","  t.i = f.i;","  t.j = f.j;","  t.S = f.S.slice();","  return t;","};","","//","// flatten()","// Converts an object tree to nested arrays of strings.","//","function flatten(obj, depth) {","  var result = [], typ = (typeof obj), prop;","  if (depth && typ == 'object') {","    for (prop in obj) {","      try { result.push(flatten(obj[prop], depth - 1)); } catch (e) {}","    }","  }","  return (result.length ? result : typ == 'string' ? obj : obj + '\\0');","}","","//","// mixkey()","// Mixes a string seed into a key that is an array of integers, and","// returns a shortened string seed that is equivalent to the result key.","//","function mixkey(seed, key) {","  var stringseed = seed + '', smear, j = 0;","  while (j < stringseed.length) {","    key[mask & j] =","      mask & ((smear ^= key[mask & j] * 19) + stringseed.charCodeAt(j++));","  }","  return tostring(key);","}","","//","// autoseed()","// Returns an object for autoseeding, using window.crypto and Node crypto","// module if available.","//","function autoseed() {","  try {","    var out;","    if (nodecrypto && (out = nodecrypto.randomBytes)) {","      // The use of 'out' to remember randomBytes makes tight minified code.","      out = out(width);","    } else {","      out = new Uint8Array(width);","      (global.crypto || global.msCrypto).getRandomValues(out);","    }","    return tostring(out);","  } catch (e) {","    var browser = global.navigator,","        plugins = browser && browser.plugins;","    return [+new Date, global, plugins, global.screen, tostring(pool)];","  }","}","","//","// tostring()","// Converts an array of charcodes to a string","//","function tostring(a) {","  return String.fromCharCode.apply(0, a);","}","","//","// When seedrandom.js is loaded, we immediately mix a few bits","// from the built-in RNG into the entropy pool.  Because we do","// not want to interfere with deterministic PRNG state later,","// seedrandom will not call math.random on its own again after","// initialization.","//","mixkey(math.random(), pool);","","//","// Nodejs and AMD support: export the implementation as a module using","// either convention.","//","if ((typeof module) == 'object' && module.exports) {","  module.exports = seedrandom;","  // When in node.js, try using crypto package for autoseeding.","  try {","    nodecrypto = require('crypto');","  } catch (ex) {}","} else if ((typeof define) == 'function' && define.amd) {","  define(function() { return seedrandom; });","}","","// End anonymous scope, and pass initial values.","})(","  [],     // pool: entropy pool starts empty","  Math    // math: package containing random, pow, and seedrandom",");",""],"l":{"25":1,"29":1,"44":1,"45":0,"46":0,"49":0,"54":0,"58":0,"59":0,"62":0,"63":0,"64":0,"65":0,"67":0,"68":0,"69":0,"70":0,"72":0,"75":0,"76":0,"77":0,"80":0,"83":0,"85":0,"87":0,"89":0,"94":0,"98":0,"105":1,"117":1,"118":0,"122":0,"125":0,"126":0,"128":0,"129":0,"130":0,"134":0,"136":0,"138":0,"139":0,"140":0,"142":0,"143":0,"154":1,"155":0,"156":0,"157":0,"158":0,"165":1,"166":0,"167":0,"168":0,"169":0,"172":0,"180":1,"181":1,"182":1,"183":18,"186":1,"194":1,"195":0,"196":0,"197":0,"199":0,"201":0,"202":0,"204":0,"206":0,"208":0,"216":1,"217":1,"227":1,"233":1,"234":1,"236":1,"237":1,"239":0,"240":0}},"/home/travis/build/npmtest/node-npmtest-seedrandom/node_modules/seedrandom/Gruntfile.js":{"path":"/home/travis/build/npmtest/node-npmtest-seedrandom/node_modules/seedrandom/Gruntfile.js","s":{"1":1,"2":0,"3":0,"4":0,"5":0,"6":0,"7":0,"8":0,"9":0,"10":0,"11":0,"12":0},"b":{},"f":{"1":0},"fnMap":{"1":{"name":"(anonymous_1)","line":1,"loc":{"start":{"line":1,"column":17},"end":{"line":1,"column":33}}}},"statementMap":{"1":{"start":{"line":1,"column":0},"end":{"line":107,"column":2}},"2":{"start":{"line":4,"column":2},"end":{"line":93,"column":5}},"3":{"start":{"line":95,"column":2},"end":{"line":95,"column":40}},"4":{"start":{"line":96,"column":2},"end":{"line":96,"column":46}},"5":{"start":{"line":97,"column":2},"end":{"line":97,"column":44}},"6":{"start":{"line":98,"column":2},"end":{"line":98,"column":45}},"7":{"start":{"line":99,"column":2},"end":{"line":99,"column":40}},"8":{"start":{"line":100,"column":2},"end":{"line":100,"column":38}},"9":{"start":{"line":101,"column":2},"end":{"line":101,"column":41}},"10":{"start":{"line":103,"column":2},"end":{"line":104,"column":59}},"11":{"start":{"line":105,"column":2},"end":{"line":105,"column":52}},"12":{"start":{"line":106,"column":2},"end":{"line":106,"column":65}}},"branchMap":{},"code":["module.exports = function(grunt) {","  \"use strict\";","","  grunt.initConfig({","    pkg: grunt.file.readJSON(\"package.json\"),","    bowercopy: {","      options: {","        clean: true","      },","      test: {","        options: {","          destPrefix: \"test/lib\"","        },","        files: {","          \"qunit.js\" : \"qunit/qunit/qunit.js\",","          \"qunit.css\" : \"qunit/qunit/qunit.css\",","          \"require.js\" : \"requirejs/require.js\"","        }","      }","    },","    uglify: {","      all: {","        files: {","          \"<%= pkg.name %>.min.js\": [ \"<%= pkg.name %>.js\" ],","          \"lib/alea.min.js\": [ \"lib/alea.js\" ],","          \"lib/tychei.min.js\": [ \"lib/tychei.js\" ],","          \"lib/xor4096.min.js\": [ \"lib/xor4096.js\" ],","          \"lib/xorshift7.min.js\": [ \"lib/xorshift7.js\" ],","          \"lib/xorwow.min.js\": [ \"lib/xorwow.js\" ],","          \"lib/xor128.min.js\": [ \"lib/xor128.js\" ]","        },","        options: {","          preserveComments: false,","          report: \"min\",","          beautify: {","            ascii_only: true","          }","        }","      }","    },","    qunit: {","      options: {","        noGlobals: true,","        httpBase: 'http://localhost:8192'","      },","      all: [\"test/*.html\"]","    },","    connect: {","      server: {","        options: {","          port: 8192,","          base: '.'","        }","      }","    },","    browserify: {","      test: {","        files: {","          'test/browserified.js': ['test/nodetest.js'],","        },","        options: {","          ignore: ['requirejs', 'process'],","          alias: {","            'assert': './test/qunitassert.js'","          }","        }","      }","    },","    mochacov: {","      options: {","        files: [","          'test/cryptotest.js',","          'test/nodetest.js',","          'test/prngtest.js'","       ]","      },","      coverage: {","        options: {","          coveralls: true","        }","      },","      test: {","        options: {","          reporter: 'dot'","        }","      }","    },","    release: {","      options: {","        bump: false","      }","    }","  });","","  grunt.loadNpmTasks('grunt-bowercopy');","  grunt.loadNpmTasks('grunt-contrib-connect');","  grunt.loadNpmTasks('grunt-contrib-qunit');","  grunt.loadNpmTasks('grunt-contrib-uglify');","  grunt.loadNpmTasks('grunt-mocha-cov');","  grunt.loadNpmTasks('grunt-release');","  grunt.loadNpmTasks('grunt-browserify');","","  grunt.registerTask(\"test\",","      [\"browserify\", \"connect\", \"qunit\", \"mochacov:test\"]);","  grunt.registerTask(\"default\", [\"uglify\", \"test\"]);","  grunt.registerTask(\"travis\", [\"default\", \"mochacov:coverage\"]);","};","",""],"l":{"1":1,"4":0,"95":0,"96":0,"97":0,"98":0,"99":0,"100":0,"101":0,"103":0,"105":0,"106":0}},"/home/travis/build/npmtest/node-npmtest-seedrandom/node_modules/seedrandom/lib/crypto.js":{"path":"/home/travis/build/npmtest/node-npmtest-seedrandom/node_modules/seedrandom/lib/crypto.js","s":{"1":1,"2":0,"3":0,"4":0,"5":1},"b":{"1":[0,0]},"f":{"1":0},"fnMap":{"1":{"name":"randomBytes","line":3,"loc":{"start":{"line":3,"column":0},"end":{"line":3,"column":28}}}},"statementMap":{"1":{"start":{"line":3,"column":0},"end":{"line":7,"column":1}},"2":{"start":{"line":4,"column":2},"end":{"line":4,"column":34}},"3":{"start":{"line":5,"column":2},"end":{"line":5,"column":58}},"4":{"start":{"line":6,"column":2},"end":{"line":6,"column":13}},"5":{"start":{"line":9,"column":0},"end":{"line":11,"column":1}}},"branchMap":{"1":{"line":5,"type":"binary-expr","locations":[{"start":{"line":5,"column":3},"end":{"line":5,"column":16}},{"start":{"line":5,"column":20},"end":{"line":5,"column":35}}]}},"code":["// mimic a subset of node's crypto API for the browser","","function randomBytes(width) {","  var out = new Uint8Array(width);","  (global.crypto || global.msCrypto).getRandomValues(out);","  return out;","}","","module.exports = {","  randomBytes: randomBytes","}",""],"l":{"3":1,"4":0,"5":0,"6":0,"9":1}}}